mode: set
github.com/opencode-go/opencode-go/internal/event/bus.go:46.20,48.2 1 1
github.com/opencode-go/opencode-go/internal/event/bus.go:55.49,60.30 5 1
github.com/opencode-go/opencode-go/internal/event/bus.go:60.30,62.3 1 0
github.com/opencode-go/opencode-go/internal/event/bus.go:63.2,66.19 3 1
github.com/opencode-go/opencode-go/internal/event/bus.go:66.19,71.3 4 1
github.com/opencode-go/opencode-go/internal/event/bus.go:72.2,72.18 1 1
github.com/opencode-go/opencode-go/internal/event/bus.go:77.35,78.23 1 1
github.com/opencode-go/opencode-go/internal/event/bus.go:78.23,78.40 1 1
github.com/opencode-go/opencode-go/internal/event/bus.go:83.44,83.59 1 1
github.com/opencode-go/opencode-go/internal/event/bus.go:86.45,86.62 1 1
github.com/opencode-go/opencode-go/internal/event/bus.go:89.39,91.2 1 1
github.com/opencode-go/opencode-go/internal/event/bus.go:95.33,99.34 4 1
github.com/opencode-go/opencode-go/internal/event/bus.go:99.34,101.3 1 0
github.com/opencode-go/opencode-go/internal/event/bus.go:102.2,108.27 4 1
github.com/opencode-go/opencode-go/internal/event/bus.go:108.27,110.3 1 1
github.com/opencode-go/opencode-go/internal/event/bus.go:111.2,113.25 2 1
github.com/opencode-go/opencode-go/internal/event/bus.go:113.25,114.17 1 1
github.com/opencode-go/opencode-go/internal/event/bus.go:114.17,116.4 1 1
github.com/opencode-go/opencode-go/internal/event/bus.go:116.9,118.11 1 1
github.com/opencode-go/opencode-go/internal/event/bus.go:119.20,119.20 0 1
github.com/opencode-go/opencode-go/internal/event/bus.go:120.12,121.21 1 1
github.com/opencode-go/opencode-go/internal/event/bus.go:132.58,133.9 1 1
github.com/opencode-go/opencode-go/internal/event/bus.go:134.18,134.18 0 1
github.com/opencode-go/opencode-go/internal/event/bus.go:135.10,136.13 1 1
github.com/opencode-go/opencode-go/internal/event/bus.go:141.36,143.31 2 1
github.com/opencode-go/opencode-go/internal/event/bus.go:143.31,145.3 1 1
github.com/opencode-go/opencode-go/internal/event/bus.go:146.2,147.16 2 1
github.com/opencode-go/opencode-go/internal/event/bus.go:151.37,155.2 3 1
github.com/opencode-go/opencode-go/internal/event/bus.go:160.29,164.2 3 0
github.com/opencode-go/opencode-go/internal/event/event.go:102.34,105.2 2 1
github.com/opencode-go/opencode-go/internal/event/event.go:107.30,108.12 1 1
github.com/opencode-go/opencode-go/internal/event/event.go:108.12,110.3 1 0
github.com/opencode-go/opencode-go/internal/event/event.go:111.2,113.12 3 1
github.com/opencode-go/opencode-go/internal/event/event.go:113.12,117.3 3 1
github.com/opencode-go/opencode-go/internal/event/event.go:118.2,118.24 1 1
github.com/opencode-go/opencode-go/internal/event/event.go:122.33,124.2 1 1
github.com/opencode-go/opencode-go/internal/event/event.go:127.45,129.2 1 1
github.com/opencode-go/opencode-go/internal/event/event.go:132.59,134.2 1 0
github.com/opencode-go/opencode-go/internal/event/event.go:137.58,140.2 1 0
github.com/opencode-go/opencode-go/internal/event/event.go:143.40,146.2 1 0
github.com/opencode-go/opencode-go/internal/event/event.go:149.62,151.2 1 1
github.com/opencode-go/opencode-go/internal/event/event.go:154.83,157.2 1 1
github.com/opencode-go/opencode-go/internal/event/event.go:160.71,163.2 1 1
github.com/opencode-go/opencode-go/internal/event/event.go:168.79,172.2 1 1
github.com/opencode-go/opencode-go/internal/event/event.go:175.69,178.2 1 1
github.com/opencode-go/opencode-go/internal/event/event.go:182.40,184.2 1 1
github.com/opencode-go/opencode-go/internal/event/event.go:188.43,190.2 1 0
github.com/opencode-go/opencode-go/internal/event/event.go:194.40,196.2 1 1
github.com/opencode-go/opencode-go/internal/event/event.go:201.42,202.16 1 1
github.com/opencode-go/opencode-go/internal/event/event.go:204.46,205.14 1 1
github.com/opencode-go/opencode-go/internal/event/event.go:206.26,207.30 1 1
github.com/opencode-go/opencode-go/internal/event/event.go:208.10,209.15 1 1
github.com/opencode-go/opencode-go/internal/event/sse.go:27.68,28.14 1 0
github.com/opencode-go/opencode-go/internal/event/sse.go:29.23,30.64 1 0
github.com/opencode-go/opencode-go/internal/event/sse.go:31.10,32.26 1 0
github.com/opencode-go/opencode-go/internal/event/sse.go:38.82,39.67 1 0
github.com/opencode-go/opencode-go/internal/event/sse.go:39.67,41.3 1 0
github.com/opencode-go/opencode-go/internal/event/sse.go:42.2,42.20 1 0
github.com/opencode-go/opencode-go/internal/event/sse.go:42.20,44.3 1 0
github.com/opencode-go/opencode-go/internal/event/sse.go:45.2,45.12 1 0
github.com/opencode-go/opencode-go/internal/event/sse.go:49.70,50.54 1 0
github.com/opencode-go/opencode-go/internal/event/sse.go:50.54,52.3 1 0
github.com/opencode-go/opencode-go/internal/event/sse.go:53.2,53.20 1 0
github.com/opencode-go/opencode-go/internal/event/sse.go:53.20,55.3 1 0
github.com/opencode-go/opencode-go/internal/event/sse.go:56.2,56.12 1 0
github.com/opencode-go/opencode-go/internal/permission/permission.go:36.24,36.55 1 0
github.com/opencode-go/opencode-go/internal/permission/permission.go:39.43,41.19 2 1
github.com/opencode-go/opencode-go/internal/permission/permission.go:41.19,43.23 2 1
github.com/opencode-go/opencode-go/internal/permission/permission.go:43.23,45.53 2 1
github.com/opencode-go/opencode-go/internal/permission/permission.go:45.53,47.14 1 1
github.com/opencode-go/opencode-go/internal/permission/permission.go:50.5,50.13 1 1
github.com/opencode-go/opencode-go/internal/permission/permission.go:55.47,59.30 4 1
github.com/opencode-go/opencode-go/internal/permission/permission.go:59.30,61.3 1 1
github.com/opencode-go/opencode-go/internal/permission/permission.go:62.2,64.16 3 1
github.com/opencode-go/opencode-go/internal/permission/permission.go:64.16,66.17 2 1
github.com/opencode-go/opencode-go/internal/permission/permission.go:66.17,71.4 3 1
github.com/opencode-go/opencode-go/internal/permission/permission.go:76.56,80.2 3 1
github.com/opencode-go/opencode-go/internal/permission/permission.go:83.40,84.24 1 0
github.com/opencode-go/opencode-go/internal/permission/permission.go:84.24,86.3 1 0
github.com/opencode-go/opencode-go/internal/permission/permission.go:87.2,89.15 3 0
github.com/opencode-go/opencode-go/internal/permission/permission.go:95.54,98.8 3 0
github.com/opencode-go/opencode-go/internal/permission/permission.go:98.8,100.3 1 0
github.com/opencode-go/opencode-go/internal/permission/permission.go:101.2,102.9 2 0
github.com/opencode-go/opencode-go/internal/permission/permission.go:102.9,104.3 1 0
github.com/opencode-go/opencode-go/internal/permission/permission.go:105.2,105.9 1 0
github.com/opencode-go/opencode-go/internal/permission/permission.go:106.28,106.28 0 0
github.com/opencode-go/opencode-go/internal/permission/permission.go:107.10,107.10 0 0
github.com/opencode-go/opencode-go/internal/permission/permission.go:109.2,109.12 1 0
github.com/opencode-go/opencode-go/internal/permission/permission.go:114.52,117.42 3 0
github.com/opencode-go/opencode-go/internal/permission/permission.go:117.42,119.3 1 0
github.com/opencode-go/opencode-go/internal/permission/permission.go:120.2,120.11 1 0
github.com/opencode-go/opencode-go/internal/permission/permission.go:124.34,128.31 4 0
github.com/opencode-go/opencode-go/internal/permission/permission.go:128.31,130.3 1 0
github.com/opencode-go/opencode-go/internal/permission/permission.go:131.2,131.12 1 0
github.com/opencode-go/opencode-go/internal/permission/permission.go:135.68,139.2 3 0
github.com/opencode-go/opencode-go/internal/permission/permission.go:144.87,145.9 1 0
github.com/opencode-go/opencode-go/internal/permission/permission.go:146.26,147.27 1 0
github.com/opencode-go/opencode-go/internal/permission/permission.go:148.29,150.18 2 0
github.com/opencode-go/opencode-go/internal/permission/permission.go:151.20,153.18 2 0
github.com/opencode-go/opencode-go/internal/permission/permission.go:157.35,161.2 3 0
github.com/opencode-go/opencode-go/internal/permission/permission.go:163.38,164.11 1 0
github.com/opencode-go/opencode-go/internal/permission/permission.go:165.34,166.11 1 0
github.com/opencode-go/opencode-go/internal/permission/permission.go:167.10,168.18 1 0
github.com/opencode-go/opencode-go/internal/provider/mock.go:20.34,21.17 1 0
github.com/opencode-go/opencode-go/internal/provider/mock.go:21.17,23.3 1 0
github.com/opencode-go/opencode-go/internal/provider/mock.go:24.2,24.40 1 0
github.com/opencode-go/opencode-go/internal/provider/mock.go:28.28,28.43 1 0
github.com/opencode-go/opencode-go/internal/provider/mock.go:32.91,34.12 2 0
github.com/opencode-go/opencode-go/internal/provider/mock.go:34.12,37.30 3 0
github.com/opencode-go/opencode-go/internal/provider/mock.go:37.30,38.11 1 0
github.com/opencode-go/opencode-go/internal/provider/mock.go:39.42,39.42 0 0
github.com/opencode-go/opencode-go/internal/provider/mock.go:40.22,41.11 1 0
github.com/opencode-go/opencode-go/internal/provider/mock.go:44.3,44.10 1 0
github.com/opencode-go/opencode-go/internal/provider/mock.go:45.47,45.47 0 0
github.com/opencode-go/opencode-go/internal/provider/mock.go:46.21,46.21 0 0
github.com/opencode-go/opencode-go/internal/provider/mock.go:49.2,49.17 1 0
github.com/opencode-go/opencode-go/internal/provider/mock.go:54.34,55.13 1 0
github.com/opencode-go/opencode-go/internal/provider/mock.go:55.13,57.3 1 0
github.com/opencode-go/opencode-go/internal/provider/mock.go:58.2,60.27 3 0
github.com/opencode-go/opencode-go/internal/provider/mock.go:60.27,61.24 1 0
github.com/opencode-go/opencode-go/internal/provider/mock.go:61.24,63.4 1 0
github.com/opencode-go/opencode-go/internal/provider/mock.go:63.9,65.4 1 0
github.com/opencode-go/opencode-go/internal/provider/mock.go:67.2,67.12 1 0
github.com/opencode-go/opencode-go/internal/provider/mock_tools.go:19.88,21.2 1 0
github.com/opencode-go/opencode-go/internal/provider/mock_tools.go:24.44,24.65 1 0
github.com/opencode-go/opencode-go/internal/provider/mock_tools.go:28.107,35.12 6 0
github.com/opencode-go/opencode-go/internal/provider/mock_tools.go:35.12,37.12 2 0
github.com/opencode-go/opencode-go/internal/provider/mock_tools.go:37.12,38.25 1 0
github.com/opencode-go/opencode-go/internal/provider/mock_tools.go:38.25,40.12 2 0
github.com/opencode-go/opencode-go/internal/provider/mock_tools.go:41.41,41.41 0 0
github.com/opencode-go/opencode-go/internal/provider/mock_tools.go:42.23,43.12 1 0
github.com/opencode-go/opencode-go/internal/provider/mock_tools.go:46.4,46.11 1 0
github.com/opencode-go/opencode-go/internal/provider/mock_tools.go:47.54,47.54 0 0
github.com/opencode-go/opencode-go/internal/provider/mock_tools.go:48.22,48.22 0 0
github.com/opencode-go/opencode-go/internal/provider/mock_tools.go:50.4,50.10 1 0
github.com/opencode-go/opencode-go/internal/provider/mock_tools.go:52.3,52.49 1 0
github.com/opencode-go/opencode-go/internal/provider/mock_tools.go:52.49,53.11 1 0
github.com/opencode-go/opencode-go/internal/provider/mock_tools.go:54.48,54.48 0 0
github.com/opencode-go/opencode-go/internal/provider/mock_tools.go:55.22,56.11 1 0
github.com/opencode-go/opencode-go/internal/provider/mock_tools.go:59.3,59.10 1 0
github.com/opencode-go/opencode-go/internal/provider/mock_tools.go:60.47,60.47 0 0
github.com/opencode-go/opencode-go/internal/provider/mock_tools.go:61.21,61.21 0 0
github.com/opencode-go/opencode-go/internal/provider/mock_tools.go:64.2,64.17 1 0
github.com/opencode-go/opencode-go/internal/provider/mock_tools.go:68.45,69.25 1 0
github.com/opencode-go/opencode-go/internal/provider/mock_tools.go:69.25,70.23 1 0
github.com/opencode-go/opencode-go/internal/provider/mock_tools.go:70.23,72.4 1 0
github.com/opencode-go/opencode-go/internal/provider/mock_tools.go:74.2,74.14 1 0
github.com/opencode-go/opencode-go/internal/provider/models_fetch.go:75.105,77.84 2 0
github.com/opencode-go/opencode-go/internal/provider/models_fetch.go:77.84,81.3 3 0
github.com/opencode-go/opencode-go/internal/provider/models_fetch.go:82.2,85.16 3 0
github.com/opencode-go/opencode-go/internal/provider/models_fetch.go:85.16,87.3 1 0
github.com/opencode-go/opencode-go/internal/provider/models_fetch.go:89.2,92.19 4 0
github.com/opencode-go/opencode-go/internal/provider/models_fetch.go:97.98,101.16 3 1
github.com/opencode-go/opencode-go/internal/provider/models_fetch.go:101.16,103.3 1 0
github.com/opencode-go/opencode-go/internal/provider/models_fetch.go:104.2,104.18 1 1
github.com/opencode-go/opencode-go/internal/provider/models_fetch.go:104.18,106.3 1 1
github.com/opencode-go/opencode-go/internal/provider/models_fetch.go:108.2,110.16 3 1
github.com/opencode-go/opencode-go/internal/provider/models_fetch.go:110.16,112.3 1 0
github.com/opencode-go/opencode-go/internal/provider/models_fetch.go:113.2,115.53 2 1
github.com/opencode-go/opencode-go/internal/provider/models_fetch.go:115.53,117.3 1 0
github.com/opencode-go/opencode-go/internal/provider/models_fetch.go:119.2,122.65 2 1
github.com/opencode-go/opencode-go/internal/provider/models_fetch.go:122.65,124.3 1 0
github.com/opencode-go/opencode-go/internal/provider/models_fetch.go:126.2,127.30 2 1
github.com/opencode-go/opencode-go/internal/provider/models_fetch.go:127.30,128.17 1 1
github.com/opencode-go/opencode-go/internal/provider/models_fetch.go:128.17,130.4 1 1
github.com/opencode-go/opencode-go/internal/provider/models_fetch.go:132.2,132.20 1 1
github.com/opencode-go/opencode-go/internal/provider/models_fetch.go:137.42,139.42 2 1
github.com/opencode-go/opencode-go/internal/provider/models_fetch.go:139.42,141.3 1 0
github.com/opencode-go/opencode-go/internal/provider/models_fetch.go:142.2,142.24 1 1
github.com/opencode-go/opencode-go/internal/provider/models_fetch.go:152.40,157.42 3 1
github.com/opencode-go/opencode-go/internal/provider/models_fetch.go:157.42,159.3 1 1
github.com/opencode-go/opencode-go/internal/provider/models_fetch.go:162.2,162.52 1 1
github.com/opencode-go/opencode-go/internal/provider/models_fetch.go:162.52,165.16 3 0
github.com/opencode-go/opencode-go/internal/provider/models_fetch.go:165.16,167.4 1 0
github.com/opencode-go/opencode-go/internal/provider/models_fetch.go:171.2,172.48 2 1
github.com/opencode-go/opencode-go/internal/provider/models_fetch.go:172.48,174.3 1 0
github.com/opencode-go/opencode-go/internal/provider/models_fetch.go:175.2,178.21 2 1
github.com/opencode-go/opencode-go/internal/provider/models_fetch.go:178.21,181.10 3 1
github.com/opencode-go/opencode-go/internal/provider/models_fetch.go:181.10,182.9 1 1
github.com/opencode-go/opencode-go/internal/provider/models_fetch.go:184.3,185.42 2 1
github.com/opencode-go/opencode-go/internal/provider/models_fetch.go:188.2,189.26 2 1
github.com/opencode-go/opencode-go/internal/provider/models_fetch.go:189.26,191.3 1 1
github.com/opencode-go/opencode-go/internal/provider/models_fetch.go:192.2,194.19 2 1
github.com/opencode-go/opencode-go/internal/provider/models_fetch.go:194.19,196.3 1 1
github.com/opencode-go/opencode-go/internal/provider/models_fetch.go:197.2,197.13 1 0
github.com/opencode-go/opencode-go/internal/provider/models_fetch.go:203.38,204.17 1 1
github.com/opencode-go/opencode-go/internal/provider/models_fetch.go:204.17,206.3 1 0
github.com/opencode-go/opencode-go/internal/provider/models_fetch.go:207.2,207.39 1 1
github.com/opencode-go/opencode-go/internal/provider/models_fetch.go:207.39,209.3 1 1
github.com/opencode-go/opencode-go/internal/provider/models_fetch.go:210.2,211.27 2 1
github.com/opencode-go/opencode-go/internal/provider/models_fetch.go:211.27,213.3 1 1
github.com/opencode-go/opencode-go/internal/provider/models_fetch.go:214.2,215.18 2 1
github.com/opencode-go/opencode-go/internal/provider/openai.go:28.80,29.19 1 1
github.com/opencode-go/opencode-go/internal/provider/openai.go:29.19,31.3 1 0
github.com/opencode-go/opencode-go/internal/provider/openai.go:32.2,38.3 1 1
github.com/opencode-go/opencode-go/internal/provider/openai.go:42.30,42.45 1 0
github.com/opencode-go/opencode-go/internal/provider/openai.go:103.93,105.17 2 1
github.com/opencode-go/opencode-go/internal/provider/openai.go:105.17,107.3 1 0
github.com/opencode-go/opencode-go/internal/provider/openai.go:109.2,110.22 2 1
github.com/opencode-go/opencode-go/internal/provider/openai.go:110.22,112.3 1 0
github.com/opencode-go/opencode-go/internal/provider/openai.go:113.2,119.19 3 1
github.com/opencode-go/opencode-go/internal/provider/openai.go:119.19,121.3 1 1
github.com/opencode-go/opencode-go/internal/provider/openai.go:123.2,124.24 2 1
github.com/opencode-go/opencode-go/internal/provider/openai.go:124.24,126.31 2 1
github.com/opencode-go/opencode-go/internal/provider/openai.go:126.31,128.21 2 1
github.com/opencode-go/opencode-go/internal/provider/openai.go:128.21,130.5 1 1
github.com/opencode-go/opencode-go/internal/provider/openai.go:131.4,138.6 1 1
github.com/opencode-go/opencode-go/internal/provider/openai.go:142.2,143.16 2 1
github.com/opencode-go/opencode-go/internal/provider/openai.go:143.16,145.3 1 0
github.com/opencode-go/opencode-go/internal/provider/openai.go:150.2,153.54 4 1
github.com/opencode-go/opencode-go/internal/provider/openai.go:153.54,155.17 2 1
github.com/opencode-go/opencode-go/internal/provider/openai.go:155.17,157.4 1 0
github.com/opencode-go/opencode-go/internal/provider/openai.go:158.3,160.21 3 1
github.com/opencode-go/opencode-go/internal/provider/openai.go:160.21,162.4 1 0
github.com/opencode-go/opencode-go/internal/provider/openai.go:164.3,165.17 2 1
github.com/opencode-go/opencode-go/internal/provider/openai.go:165.17,168.29 2 0
github.com/opencode-go/opencode-go/internal/provider/openai.go:168.29,169.60 1 0
github.com/opencode-go/opencode-go/internal/provider/openai.go:169.60,171.6 1 0
github.com/opencode-go/opencode-go/internal/provider/openai.go:172.5,172.13 1 0
github.com/opencode-go/opencode-go/internal/provider/openai.go:174.4,174.19 1 0
github.com/opencode-go/opencode-go/internal/provider/openai.go:177.3,177.36 1 1
github.com/opencode-go/opencode-go/internal/provider/openai.go:177.36,179.9 2 1
github.com/opencode-go/opencode-go/internal/provider/openai.go:182.3,182.38 1 0
github.com/opencode-go/opencode-go/internal/provider/openai.go:182.38,187.29 5 0
github.com/opencode-go/opencode-go/internal/provider/openai.go:187.29,188.68 1 0
github.com/opencode-go/opencode-go/internal/provider/openai.go:188.68,190.6 1 0
github.com/opencode-go/opencode-go/internal/provider/openai.go:191.5,191.13 1 0
github.com/opencode-go/opencode-go/internal/provider/openai.go:193.4,193.23 1 0
github.com/opencode-go/opencode-go/internal/provider/openai.go:197.3,199.85 3 0
github.com/opencode-go/opencode-go/internal/provider/openai.go:201.2,201.17 1 1
github.com/opencode-go/opencode-go/internal/provider/openai.go:201.17,202.21 1 0
github.com/opencode-go/opencode-go/internal/provider/openai.go:202.21,204.4 1 0
github.com/opencode-go/opencode-go/internal/provider/openai.go:205.3,205.83 1 0
github.com/opencode-go/opencode-go/internal/provider/openai.go:208.2,209.12 2 1
github.com/opencode-go/opencode-go/internal/provider/openai.go:209.12,219.32 7 1
github.com/opencode-go/opencode-go/internal/provider/openai.go:219.32,220.34 1 1
github.com/opencode-go/opencode-go/internal/provider/openai.go:220.34,227.12 3 1
github.com/opencode-go/opencode-go/internal/provider/openai.go:228.20,228.20 0 1
github.com/opencode-go/opencode-go/internal/provider/openai.go:229.23,230.18 1 0
github.com/opencode-go/opencode-go/internal/provider/openai.go:233.4,233.15 1 1
github.com/opencode-go/opencode-go/internal/provider/openai.go:236.3,236.22 1 1
github.com/opencode-go/opencode-go/internal/provider/openai.go:236.22,238.41 2 1
github.com/opencode-go/opencode-go/internal/provider/openai.go:238.41,239.13 1 1
github.com/opencode-go/opencode-go/internal/provider/openai.go:241.4,242.18 2 1
github.com/opencode-go/opencode-go/internal/provider/openai.go:242.18,243.13 1 0
github.com/opencode-go/opencode-go/internal/provider/openai.go:245.4,245.24 1 1
github.com/opencode-go/opencode-go/internal/provider/openai.go:245.24,246.27 1 1
github.com/opencode-go/opencode-go/internal/provider/openai.go:246.27,247.26 1 1
github.com/opencode-go/opencode-go/internal/provider/openai.go:247.26,249.7 1 0
github.com/opencode-go/opencode-go/internal/provider/openai.go:251.5,251.11 1 1
github.com/opencode-go/opencode-go/internal/provider/openai.go:253.4,254.63 2 1
github.com/opencode-go/opencode-go/internal/provider/openai.go:254.63,255.13 1 0
github.com/opencode-go/opencode-go/internal/provider/openai.go:261.4,262.26 2 1
github.com/opencode-go/opencode-go/internal/provider/openai.go:262.26,268.5 1 0
github.com/opencode-go/opencode-go/internal/provider/openai.go:270.4,270.31 1 1
github.com/opencode-go/opencode-go/internal/provider/openai.go:270.31,271.21 1 0
github.com/opencode-go/opencode-go/internal/provider/openai.go:271.21,272.13 1 0
github.com/opencode-go/opencode-go/internal/provider/openai.go:273.42,273.42 0 0
github.com/opencode-go/opencode-go/internal/provider/openai.go:274.24,275.13 1 0
github.com/opencode-go/opencode-go/internal/provider/openai.go:278.5,278.13 1 0
github.com/opencode-go/opencode-go/internal/provider/openai.go:280.4,282.43 2 1
github.com/opencode-go/opencode-go/internal/provider/openai.go:282.43,284.19 2 1
github.com/opencode-go/opencode-go/internal/provider/openai.go:284.19,288.6 3 1
github.com/opencode-go/opencode-go/internal/provider/openai.go:289.5,289.21 1 1
github.com/opencode-go/opencode-go/internal/provider/openai.go:289.21,291.6 1 1
github.com/opencode-go/opencode-go/internal/provider/openai.go:292.5,292.32 1 1
github.com/opencode-go/opencode-go/internal/provider/openai.go:292.32,294.6 1 1
github.com/opencode-go/opencode-go/internal/provider/openai.go:295.5,295.37 1 1
github.com/opencode-go/opencode-go/internal/provider/openai.go:295.37,297.6 1 1
github.com/opencode-go/opencode-go/internal/provider/openai.go:300.4,301.30 2 1
github.com/opencode-go/opencode-go/internal/provider/openai.go:301.30,303.5 1 1
github.com/opencode-go/opencode-go/internal/provider/openai.go:305.4,305.61 1 1
github.com/opencode-go/opencode-go/internal/provider/openai.go:305.61,306.25 1 1
github.com/opencode-go/opencode-go/internal/provider/openai.go:306.25,308.6 1 0
github.com/opencode-go/opencode-go/internal/provider/openai.go:309.5,309.12 1 1
github.com/opencode-go/opencode-go/internal/provider/openai.go:310.55,310.55 0 1
github.com/opencode-go/opencode-go/internal/provider/openai.go:311.23,312.12 1 0
github.com/opencode-go/opencode-go/internal/provider/openai.go:314.5,316.13 3 1
github.com/opencode-go/opencode-go/internal/provider/openai.go:319.4,319.78 1 1
github.com/opencode-go/opencode-go/internal/provider/openai.go:319.78,320.13 1 1
github.com/opencode-go/opencode-go/internal/provider/openai.go:322.4,322.11 1 1
github.com/opencode-go/opencode-go/internal/provider/openai.go:323.19,323.19 0 1
github.com/opencode-go/opencode-go/internal/provider/openai.go:324.22,325.11 1 0
github.com/opencode-go/opencode-go/internal/provider/openai.go:328.3,328.25 1 0
github.com/opencode-go/opencode-go/internal/provider/openai.go:328.25,329.24 1 0
github.com/opencode-go/opencode-go/internal/provider/openai.go:329.24,331.5 1 0
github.com/opencode-go/opencode-go/internal/provider/openai.go:333.3,333.39 1 0
github.com/opencode-go/opencode-go/internal/provider/openai.go:333.39,334.11 1 0
github.com/opencode-go/opencode-go/internal/provider/openai.go:335.36,335.36 0 0
github.com/opencode-go/opencode-go/internal/provider/openai.go:336.22,336.22 0 0
github.com/opencode-go/opencode-go/internal/provider/openai.go:341.2,341.17 1 1
github.com/opencode-go/opencode-go/internal/provider/openai.go:345.39,347.2 1 0
github.com/opencode-go/opencode-go/internal/provider/openai.go:351.78,353.22 2 0
github.com/opencode-go/opencode-go/internal/provider/openai.go:353.22,354.87 1 0
github.com/opencode-go/opencode-go/internal/provider/openai.go:354.87,356.26 2 0
github.com/opencode-go/opencode-go/internal/provider/openai.go:356.26,358.5 1 0
github.com/opencode-go/opencode-go/internal/provider/openai.go:359.4,359.10 1 0
github.com/opencode-go/opencode-go/internal/provider/openai.go:362.2,362.9 1 0
github.com/opencode-go/opencode-go/internal/provider/openai.go:363.23,364.13 1 0
github.com/opencode-go/opencode-go/internal/provider/openai.go:365.20,366.19 1 0
github.com/opencode-go/opencode-go/internal/provider/provider.go:42.32,42.44 1 1
github.com/opencode-go/opencode-go/internal/provider/provider.go:47.60,48.24 1 1
github.com/opencode-go/opencode-go/internal/provider/provider.go:48.24,50.3 1 1
github.com/opencode-go/opencode-go/internal/provider/provider.go:51.2,52.16 2 1
github.com/opencode-go/opencode-go/internal/provider/provider.go:52.16,54.3 1 1
github.com/opencode-go/opencode-go/internal/provider/provider.go:55.2,55.29 1 1
github.com/opencode-go/opencode-go/internal/provider/provider.go:55.29,57.3 1 1
github.com/opencode-go/opencode-go/internal/provider/provider.go:58.2,58.14 1 1
github.com/opencode-go/opencode-go/internal/provider/registry.go:42.50,47.16 2 0
github.com/opencode-go/opencode-go/internal/provider/registry.go:47.16,49.3 1 0
github.com/opencode-go/opencode-go/internal/provider/registry.go:51.2,60.27 6 0
github.com/opencode-go/opencode-go/internal/provider/registry.go:60.27,62.3 1 0
github.com/opencode-go/opencode-go/internal/provider/registry.go:64.2,65.30 2 0
github.com/opencode-go/opencode-go/internal/provider/registry.go:65.30,67.3 1 0
github.com/opencode-go/opencode-go/internal/provider/registry.go:68.2,70.25 2 0
github.com/opencode-go/opencode-go/internal/provider/registry.go:70.25,74.51 3 0
github.com/opencode-go/opencode-go/internal/provider/registry.go:74.51,76.4 1 0
github.com/opencode-go/opencode-go/internal/provider/registry.go:78.3,79.50 2 0
github.com/opencode-go/opencode-go/internal/provider/registry.go:79.50,81.4 1 0
github.com/opencode-go/opencode-go/internal/provider/registry.go:82.3,89.53 2 0
github.com/opencode-go/opencode-go/internal/provider/registry.go:89.53,90.110 1 0
github.com/opencode-go/opencode-go/internal/provider/registry.go:90.110,91.43 1 0
github.com/opencode-go/opencode-go/internal/provider/registry.go:91.43,93.14 2 0
github.com/opencode-go/opencode-go/internal/provider/registry.go:95.5,96.31 2 0
github.com/opencode-go/opencode-go/internal/provider/registry.go:96.31,98.6 1 0
github.com/opencode-go/opencode-go/internal/provider/registry.go:99.5,99.26 1 0
github.com/opencode-go/opencode-go/internal/provider/registry.go:103.3,114.32 3 0
github.com/opencode-go/opencode-go/internal/provider/registry.go:114.32,116.4 1 0
github.com/opencode-go/opencode-go/internal/provider/registry.go:119.2,120.31 2 0
github.com/opencode-go/opencode-go/internal/provider/registry.go:120.31,122.3 1 0
github.com/opencode-go/opencode-go/internal/provider/registry.go:123.2,126.12 3 0
github.com/opencode-go/opencode-go/internal/provider/registry.go:130.41,132.2 1 0
github.com/opencode-go/opencode-go/internal/provider/registry.go:134.47,135.30 1 0
github.com/opencode-go/opencode-go/internal/provider/registry.go:135.30,137.10 2 0
github.com/opencode-go/opencode-go/internal/provider/registry.go:137.10,138.12 1 0
github.com/opencode-go/opencode-go/internal/provider/registry.go:140.3,141.10 2 0
github.com/opencode-go/opencode-go/internal/provider/registry.go:141.10,144.12 3 0
github.com/opencode-go/opencode-go/internal/provider/registry.go:146.3,146.37 1 0
github.com/opencode-go/opencode-go/internal/provider/registry.go:146.37,148.4 1 0
github.com/opencode-go/opencode-go/internal/provider/registry.go:149.3,149.36 1 0
github.com/opencode-go/opencode-go/internal/provider/registry.go:149.36,151.4 1 0
github.com/opencode-go/opencode-go/internal/provider/registry.go:157.51,159.33 2 0
github.com/opencode-go/opencode-go/internal/provider/registry.go:159.33,161.3 1 0
github.com/opencode-go/opencode-go/internal/provider/registry.go:164.2,164.38 1 0
github.com/opencode-go/opencode-go/internal/provider/registry.go:164.38,165.26 1 0
github.com/opencode-go/opencode-go/internal/provider/registry.go:165.26,168.4 2 0
github.com/opencode-go/opencode-go/internal/provider/registry.go:170.2,170.12 1 0
github.com/opencode-go/opencode-go/internal/provider/registry.go:175.48,177.9 2 0
github.com/opencode-go/opencode-go/internal/provider/registry.go:177.9,179.3 1 0
github.com/opencode-go/opencode-go/internal/provider/registry.go:180.2,180.42 1 0
github.com/opencode-go/opencode-go/internal/provider/registry.go:180.42,182.3 1 0
github.com/opencode-go/opencode-go/internal/provider/registry.go:183.2,183.11 1 0
github.com/opencode-go/opencode-go/internal/provider/registry.go:188.49,190.9 2 0
github.com/opencode-go/opencode-go/internal/provider/registry.go:190.9,192.3 1 0
github.com/opencode-go/opencode-go/internal/provider/registry.go:193.2,193.43 1 0
github.com/opencode-go/opencode-go/internal/provider/registry.go:193.43,195.3 1 0
github.com/opencode-go/opencode-go/internal/provider/registry.go:196.2,196.11 1 0
github.com/opencode-go/opencode-go/internal/provider/registry.go:201.31,205.24 4 0
github.com/opencode-go/opencode-go/internal/provider/registry.go:205.24,207.3 1 0
github.com/opencode-go/opencode-go/internal/provider/registry.go:208.2,209.12 2 0
github.com/opencode-go/opencode-go/internal/provider/registry.go:214.49,215.23 1 0
github.com/opencode-go/opencode-go/internal/provider/registry.go:216.14,217.61 1 0
github.com/opencode-go/opencode-go/internal/provider/registry.go:217.61,219.4 1 0
github.com/opencode-go/opencode-go/internal/provider/registry.go:220.22,221.25 1 0
github.com/opencode-go/opencode-go/internal/provider/registry.go:221.25,223.4 1 0
github.com/opencode-go/opencode-go/internal/provider/registry.go:224.13,225.25 1 0
github.com/opencode-go/opencode-go/internal/provider/registry.go:225.25,227.4 1 0
github.com/opencode-go/opencode-go/internal/provider/registry.go:234.41,237.16 3 0
github.com/opencode-go/opencode-go/internal/provider/registry.go:237.16,239.3 1 0
github.com/opencode-go/opencode-go/internal/provider/registry.go:240.2,241.16 2 0
github.com/opencode-go/opencode-go/internal/provider/registry.go:241.16,243.3 1 0
github.com/opencode-go/opencode-go/internal/provider/registry.go:244.2,248.49 2 0
github.com/opencode-go/opencode-go/internal/provider/registry.go:248.49,250.3 1 0
github.com/opencode-go/opencode-go/internal/provider/registry.go:251.2,251.23 1 0
github.com/opencode-go/opencode-go/internal/provider/registry.go:251.23,252.18 1 0
github.com/opencode-go/opencode-go/internal/provider/registry.go:252.18,254.4 1 0
github.com/opencode-go/opencode-go/internal/provider/registry.go:256.2,256.12 1 0
github.com/opencode-go/opencode-go/internal/provider/resolve.go:20.96,21.16 1 0
github.com/opencode-go/opencode-go/internal/provider/resolve.go:21.16,23.3 1 0
github.com/opencode-go/opencode-go/internal/provider/resolve.go:25.2,26.17 2 0
github.com/opencode-go/opencode-go/internal/provider/resolve.go:26.17,28.3 1 0
github.com/opencode-go/opencode-go/internal/provider/resolve.go:31.2,31.44 1 0
github.com/opencode-go/opencode-go/internal/provider/resolve.go:31.44,34.3 2 0
github.com/opencode-go/opencode-go/internal/provider/resolve.go:34.8,37.3 1 0
github.com/opencode-go/opencode-go/internal/provider/resolve.go:39.2,42.53 3 0
github.com/opencode-go/opencode-go/internal/provider/resolve.go:42.53,43.44 1 0
github.com/opencode-go/opencode-go/internal/provider/resolve.go:43.44,45.4 1 0
github.com/opencode-go/opencode-go/internal/provider/resolve.go:46.3,46.43 1 0
github.com/opencode-go/opencode-go/internal/provider/resolve.go:46.43,48.4 1 0
github.com/opencode-go/opencode-go/internal/provider/resolve.go:51.2,51.18 1 0
github.com/opencode-go/opencode-go/internal/provider/resolve.go:51.18,53.3 1 0
github.com/opencode-go/opencode-go/internal/provider/resolve.go:55.2,55.35 1 0
github.com/opencode-go/opencode-go/internal/provider/resolve.go:55.35,57.3 1 0
github.com/opencode-go/opencode-go/internal/provider/resolve.go:58.2,58.51 1 0
github.com/opencode-go/opencode-go/internal/provider/resolve.go:64.48,66.16 2 0
github.com/opencode-go/opencode-go/internal/provider/resolve.go:66.16,68.3 1 0
github.com/opencode-go/opencode-go/internal/provider/resolve.go:69.2,70.16 2 0
github.com/opencode-go/opencode-go/internal/provider/resolve.go:70.16,72.3 1 0
github.com/opencode-go/opencode-go/internal/provider/resolve.go:73.2,77.49 2 0
github.com/opencode-go/opencode-go/internal/provider/resolve.go:77.49,79.3 1 0
github.com/opencode-go/opencode-go/internal/provider/resolve.go:80.2,80.26 1 0
github.com/opencode-go/opencode-go/internal/mcp/adapter.go:27.66,29.25 2 1
github.com/opencode-go/opencode-go/internal/mcp/adapter.go:29.25,37.3 1 1
github.com/opencode-go/opencode-go/internal/mcp/adapter.go:38.2,38.12 1 1
github.com/opencode-go/opencode-go/internal/mcp/adapter.go:42.37,42.58 1 1
github.com/opencode-go/opencode-go/internal/mcp/adapter.go:46.39,46.54 1 1
github.com/opencode-go/opencode-go/internal/mcp/adapter.go:51.113,52.21 1 1
github.com/opencode-go/opencode-go/internal/mcp/adapter.go:52.21,54.3 1 0
github.com/opencode-go/opencode-go/internal/mcp/adapter.go:55.2,56.16 2 1
github.com/opencode-go/opencode-go/internal/mcp/adapter.go:56.16,58.3 1 0
github.com/opencode-go/opencode-go/internal/mcp/adapter.go:59.2,59.11 1 1
github.com/opencode-go/opencode-go/internal/mcp/adapter.go:59.11,60.17 1 0
github.com/opencode-go/opencode-go/internal/mcp/adapter.go:60.17,62.4 1 0
github.com/opencode-go/opencode-go/internal/mcp/adapter.go:63.3,63.59 1 0
github.com/opencode-go/opencode-go/internal/mcp/adapter.go:65.2,65.39 1 1
github.com/opencode-go/opencode-go/internal/mcp/adapter.go:72.52,74.28 2 1
github.com/opencode-go/opencode-go/internal/mcp/adapter.go:74.28,76.83 2 1
github.com/opencode-go/opencode-go/internal/mcp/adapter.go:76.83,78.4 1 1
github.com/opencode-go/opencode-go/internal/mcp/adapter.go:80.2,84.3 1 1
github.com/opencode-go/opencode-go/internal/mcp/manager.go:34.50,36.36 2 1
github.com/opencode-go/opencode-go/internal/mcp/manager.go:36.36,38.10 2 1
github.com/opencode-go/opencode-go/internal/mcp/manager.go:38.10,40.12 2 0
github.com/opencode-go/opencode-go/internal/mcp/manager.go:42.3,42.23 1 1
github.com/opencode-go/opencode-go/internal/mcp/manager.go:42.23,44.12 2 1
github.com/opencode-go/opencode-go/internal/mcp/manager.go:46.3,47.22 2 1
github.com/opencode-go/opencode-go/internal/mcp/manager.go:47.22,49.12 2 1
github.com/opencode-go/opencode-go/internal/mcp/manager.go:51.3,52.21 2 1
github.com/opencode-go/opencode-go/internal/mcp/manager.go:52.21,54.12 2 1
github.com/opencode-go/opencode-go/internal/mcp/manager.go:56.3,58.17 3 1
github.com/opencode-go/opencode-go/internal/mcp/manager.go:58.17,61.12 3 0
github.com/opencode-go/opencode-go/internal/mcp/manager.go:63.3,64.17 2 1
github.com/opencode-go/opencode-go/internal/mcp/manager.go:64.17,68.12 4 0
github.com/opencode-go/opencode-go/internal/mcp/manager.go:70.3,73.65 4 1
github.com/opencode-go/opencode-go/internal/mcp/manager.go:75.2,75.10 1 1
github.com/opencode-go/opencode-go/internal/mcp/manager.go:79.42,85.2 5 1
github.com/opencode-go/opencode-go/internal/mcp/manager.go:88.43,94.2 5 1
github.com/opencode-go/opencode-go/internal/mcp/manager.go:97.30,102.28 5 1
github.com/opencode-go/opencode-go/internal/mcp/manager.go:102.28,104.3 1 1
github.com/opencode-go/opencode-go/internal/mcp/manager.go:109.42,110.33 1 1
github.com/opencode-go/opencode-go/internal/mcp/manager.go:110.33,111.28 1 1
github.com/opencode-go/opencode-go/internal/mcp/manager.go:111.28,113.4 1 1
github.com/opencode-go/opencode-go/internal/mcp/manager.go:115.2,115.13 1 1
github.com/opencode-go/opencode-go/internal/mcp/manager.go:120.34,121.23 1 1
github.com/opencode-go/opencode-go/internal/mcp/manager.go:122.13,124.23 2 1
github.com/opencode-go/opencode-go/internal/mcp/manager.go:124.23,125.31 1 1
github.com/opencode-go/opencode-go/internal/mcp/manager.go:125.31,127.5 1 1
github.com/opencode-go/opencode-go/internal/mcp/manager.go:129.3,129.13 1 1
github.com/opencode-go/opencode-go/internal/mcp/manager.go:130.16,131.11 1 0
github.com/opencode-go/opencode-go/internal/mcp/manager.go:132.14,133.14 1 0
github.com/opencode-go/opencode-go/internal/mcp/manager.go:133.14,135.4 1 0
github.com/opencode-go/opencode-go/internal/mcp/manager.go:137.2,137.12 1 1
github.com/opencode-go/opencode-go/internal/mcp/manager.go:142.31,144.9 2 1
github.com/opencode-go/opencode-go/internal/mcp/manager.go:144.9,146.3 1 1
github.com/opencode-go/opencode-go/internal/mcp/manager.go:147.2,148.24 2 0
github.com/opencode-go/opencode-go/internal/mcp/manager.go:148.24,149.32 1 0
github.com/opencode-go/opencode-go/internal/mcp/manager.go:149.32,151.4 1 0
github.com/opencode-go/opencode-go/internal/mcp/manager.go:153.2,153.12 1 0
github.com/opencode-go/opencode-go/internal/mcp/protocol.go:43.35,45.2 1 0
github.com/opencode-go/opencode-go/internal/mcp/protocol.go:108.40,110.30 2 1
github.com/opencode-go/opencode-go/internal/mcp/protocol.go:110.30,111.12 1 1
github.com/opencode-go/opencode-go/internal/mcp/protocol.go:111.12,113.4 1 1
github.com/opencode-go/opencode-go/internal/mcp/protocol.go:114.3,114.23 1 1
github.com/opencode-go/opencode-go/internal/mcp/protocol.go:114.23,116.4 1 1
github.com/opencode-go/opencode-go/internal/mcp/protocol.go:116.9,118.4 1 0
github.com/opencode-go/opencode-go/internal/mcp/protocol.go:120.2,120.12 1 1
github.com/opencode-go/opencode-go/internal/mcp/protocol.go:127.45,129.16 2 1
github.com/opencode-go/opencode-go/internal/mcp/protocol.go:129.16,131.3 1 0
github.com/opencode-go/opencode-go/internal/mcp/protocol.go:132.2,132.55 1 1
github.com/opencode-go/opencode-go/internal/mcp/protocol.go:132.55,134.3 1 0
github.com/opencode-go/opencode-go/internal/mcp/protocol.go:135.2,135.12 1 1
github.com/opencode-go/opencode-go/internal/mcp/protocol.go:140.56,141.6 1 1
github.com/opencode-go/opencode-go/internal/mcp/protocol.go:141.6,144.23 3 1
github.com/opencode-go/opencode-go/internal/mcp/protocol.go:144.23,146.59 2 1
github.com/opencode-go/opencode-go/internal/mcp/protocol.go:146.59,148.5 1 0
github.com/opencode-go/opencode-go/internal/mcp/protocol.go:149.4,149.20 1 1
github.com/opencode-go/opencode-go/internal/mcp/protocol.go:151.3,151.17 1 1
github.com/opencode-go/opencode-go/internal/mcp/protocol.go:151.17,153.4 1 0
github.com/opencode-go/opencode-go/internal/mcp/protocol.go:159.33,161.102 2 1
github.com/opencode-go/opencode-go/internal/mcp/protocol.go:161.102,163.3 1 1
github.com/opencode-go/opencode-go/internal/mcp/protocol.go:164.2,165.99 2 1
github.com/opencode-go/opencode-go/internal/mcp/protocol.go:165.99,167.3 1 1
github.com/opencode-go/opencode-go/internal/mcp/protocol.go:168.2,168.21 1 1
github.com/opencode-go/opencode-go/internal/mcp/stdio_client.go:36.75,37.20 1 1
github.com/opencode-go/opencode-go/internal/mcp/stdio_client.go:37.20,39.3 1 0
github.com/opencode-go/opencode-go/internal/mcp/stdio_client.go:40.2,42.18 3 1
github.com/opencode-go/opencode-go/internal/mcp/stdio_client.go:42.18,44.3 1 0
github.com/opencode-go/opencode-go/internal/mcp/stdio_client.go:45.2,46.16 2 1
github.com/opencode-go/opencode-go/internal/mcp/stdio_client.go:46.16,49.3 2 0
github.com/opencode-go/opencode-go/internal/mcp/stdio_client.go:50.2,51.16 2 1
github.com/opencode-go/opencode-go/internal/mcp/stdio_client.go:51.16,54.3 2 0
github.com/opencode-go/opencode-go/internal/mcp/stdio_client.go:56.2,57.36 2 1
github.com/opencode-go/opencode-go/internal/mcp/stdio_client.go:57.36,60.3 2 0
github.com/opencode-go/opencode-go/internal/mcp/stdio_client.go:61.2,68.39 2 1
github.com/opencode-go/opencode-go/internal/mcp/stdio_client.go:68.39,71.3 2 0
github.com/opencode-go/opencode-go/internal/mcp/stdio_client.go:72.2,72.15 1 1
github.com/opencode-go/opencode-go/internal/mcp/stdio_client.go:76.37,82.56 2 1
github.com/opencode-go/opencode-go/internal/mcp/stdio_client.go:82.56,84.3 1 0
github.com/opencode-go/opencode-go/internal/mcp/stdio_client.go:86.2,90.16 5 1
github.com/opencode-go/opencode-go/internal/mcp/stdio_client.go:90.16,92.3 1 0
github.com/opencode-go/opencode-go/internal/mcp/stdio_client.go:93.2,93.12 1 1
github.com/opencode-go/opencode-go/internal/mcp/stdio_client.go:98.75,101.14 3 1
github.com/opencode-go/opencode-go/internal/mcp/stdio_client.go:101.14,103.3 1 0
github.com/opencode-go/opencode-go/internal/mcp/stdio_client.go:104.2,107.51 4 1
github.com/opencode-go/opencode-go/internal/mcp/stdio_client.go:107.51,109.3 1 0
github.com/opencode-go/opencode-go/internal/mcp/stdio_client.go:110.2,110.6 1 1
github.com/opencode-go/opencode-go/internal/mcp/stdio_client.go:110.6,112.17 2 1
github.com/opencode-go/opencode-go/internal/mcp/stdio_client.go:112.17,114.4 1 0
github.com/opencode-go/opencode-go/internal/mcp/stdio_client.go:116.3,116.39 1 1
github.com/opencode-go/opencode-go/internal/mcp/stdio_client.go:116.39,117.12 1 0
github.com/opencode-go/opencode-go/internal/mcp/stdio_client.go:119.3,119.24 1 1
github.com/opencode-go/opencode-go/internal/mcp/stdio_client.go:119.24,121.4 1 0
github.com/opencode-go/opencode-go/internal/mcp/stdio_client.go:122.3,122.26 1 1
github.com/opencode-go/opencode-go/internal/mcp/stdio_client.go:127.49,129.16 2 1
github.com/opencode-go/opencode-go/internal/mcp/stdio_client.go:129.16,131.3 1 0
github.com/opencode-go/opencode-go/internal/mcp/stdio_client.go:132.2,133.50 2 1
github.com/opencode-go/opencode-go/internal/mcp/stdio_client.go:133.50,135.3 1 0
github.com/opencode-go/opencode-go/internal/mcp/stdio_client.go:136.2,139.23 4 1
github.com/opencode-go/opencode-go/internal/mcp/stdio_client.go:144.105,146.17 2 1
github.com/opencode-go/opencode-go/internal/mcp/stdio_client.go:146.17,148.3 1 0
github.com/opencode-go/opencode-go/internal/mcp/stdio_client.go:149.2,150.52 2 1
github.com/opencode-go/opencode-go/internal/mcp/stdio_client.go:150.52,152.3 1 0
github.com/opencode-go/opencode-go/internal/mcp/stdio_client.go:153.2,153.37 1 1
github.com/opencode-go/opencode-go/internal/mcp/stdio_client.go:157.32,157.49 1 1
github.com/opencode-go/opencode-go/internal/mcp/stdio_client.go:160.32,162.14 2 1
github.com/opencode-go/opencode-go/internal/mcp/stdio_client.go:162.14,165.3 2 0
github.com/opencode-go/opencode-go/internal/mcp/stdio_client.go:166.2,168.20 3 1
github.com/opencode-go/opencode-go/internal/mcp/stdio_client.go:168.20,170.3 1 1
github.com/opencode-go/opencode-go/internal/mcp/stdio_client.go:171.2,171.21 1 1
github.com/opencode-go/opencode-go/internal/mcp/stdio_client.go:171.21,173.3 1 1
github.com/opencode-go/opencode-go/internal/mcp/stdio_client.go:174.2,174.18 1 1
github.com/opencode-go/opencode-go/internal/mcp/stdio_client.go:174.18,176.3 1 1
github.com/opencode-go/opencode-go/internal/mcp/stdio_client.go:177.2,177.12 1 1
github.com/opencode-go/opencode-go/internal/config/config.go:37.37,40.44 2 0
github.com/opencode-go/opencode-go/internal/config/config.go:40.44,41.17 1 0
github.com/opencode-go/opencode-go/internal/config/config.go:41.17,42.12 1 0
github.com/opencode-go/opencode-go/internal/config/config.go:44.3,45.10 2 0
github.com/opencode-go/opencode-go/internal/config/config.go:45.10,46.12 1 0
github.com/opencode-go/opencode-go/internal/config/config.go:48.3,48.32 1 0
github.com/opencode-go/opencode-go/internal/config/config.go:53.2,56.71 3 0
github.com/opencode-go/opencode-go/internal/config/config.go:61.43,68.47 5 0
github.com/opencode-go/opencode-go/internal/config/config.go:68.47,73.3 1 0
github.com/opencode-go/opencode-go/internal/config/config.go:76.2,76.21 1 0
github.com/opencode-go/opencode-go/internal/config/config.go:76.21,81.3 1 0
github.com/opencode-go/opencode-go/internal/config/config.go:83.2,83.14 1 0
github.com/opencode-go/opencode-go/internal/config/config.go:88.57,90.16 2 0
github.com/opencode-go/opencode-go/internal/config/config.go:90.16,92.3 1 0
github.com/opencode-go/opencode-go/internal/config/config.go:93.2,94.48 2 0
github.com/opencode-go/opencode-go/internal/config/config.go:94.48,96.3 1 0
github.com/opencode-go/opencode-go/internal/config/config.go:97.2,98.50 2 0
github.com/opencode-go/opencode-go/internal/config/config.go:98.50,100.3 1 0
github.com/opencode-go/opencode-go/internal/config/config.go:101.2,101.16 1 0
github.com/opencode-go/opencode-go/internal/config/config.go:106.61,107.17 1 0
github.com/opencode-go/opencode-go/internal/config/config.go:107.17,109.3 1 0
github.com/opencode-go/opencode-go/internal/config/config.go:110.2,110.29 1 0
github.com/opencode-go/opencode-go/internal/config/config.go:110.29,111.28 1 0
github.com/opencode-go/opencode-go/internal/config/config.go:111.28,114.18 3 0
github.com/opencode-go/opencode-go/internal/config/config.go:114.18,116.13 2 0
github.com/opencode-go/opencode-go/internal/config/config.go:119.3,119.15 1 0
github.com/opencode-go/opencode-go/internal/config/config.go:121.2,121.13 1 0
github.com/opencode-go/opencode-go/internal/config/config.go:129.28,130.23 1 0
github.com/opencode-go/opencode-go/internal/config/config.go:131.22,132.25 1 0
github.com/opencode-go/opencode-go/internal/config/config.go:132.25,133.33 1 0
github.com/opencode-go/opencode-go/internal/config/config.go:133.33,135.5 1 0
github.com/opencode-go/opencode-go/internal/config/config.go:135.10,137.5 1 0
github.com/opencode-go/opencode-go/internal/config/config.go:139.13,140.25 1 0
github.com/opencode-go/opencode-go/internal/config/config.go:140.25,141.33 1 0
github.com/opencode-go/opencode-go/internal/config/config.go:141.33,143.5 1 0
github.com/opencode-go/opencode-go/internal/config/config.go:143.10,145.5 1 0
github.com/opencode-go/opencode-go/internal/config/config.go:151.37,152.62 1 0
github.com/opencode-go/opencode-go/internal/config/config.go:152.62,155.3 2 0
github.com/opencode-go/opencode-go/internal/config/config.go:161.45,164.34 2 0
github.com/opencode-go/opencode-go/internal/config/config.go:164.34,166.3 1 0
github.com/opencode-go/opencode-go/internal/config/config.go:167.2,170.33 4 0
github.com/opencode-go/opencode-go/internal/config/config.go:170.33,172.3 1 0
github.com/opencode-go/opencode-go/internal/config/config.go:173.2,173.35 1 0
github.com/opencode-go/opencode-go/internal/config/config.go:173.35,175.3 1 0
github.com/opencode-go/opencode-go/internal/config/config.go:176.2,176.32 1 0
github.com/opencode-go/opencode-go/internal/config/config.go:176.32,178.3 1 0
github.com/opencode-go/opencode-go/internal/config/config.go:180.2,180.12 1 0
github.com/opencode-go/opencode-go/internal/config/config.go:185.33,186.42 1 0
github.com/opencode-go/opencode-go/internal/config/config.go:186.42,188.3 1 0
github.com/opencode-go/opencode-go/internal/config/config.go:189.2,189.11 1 0
github.com/opencode-go/opencode-go/internal/config/config.go:193.49,194.43 1 0
github.com/opencode-go/opencode-go/internal/config/config.go:194.43,196.3 1 0
github.com/opencode-go/opencode-go/internal/config/config.go:200.26,201.62 1 0
github.com/opencode-go/opencode-go/internal/config/config.go:201.62,203.58 1 0
github.com/opencode-go/opencode-go/internal/config/config.go:203.58,205.4 1 0
github.com/opencode-go/opencode-go/internal/config/config.go:206.3,206.20 1 0
github.com/opencode-go/opencode-go/internal/config/config.go:208.2,208.41 1 0
github.com/opencode-go/opencode-go/internal/config/config.go:208.41,210.3 1 0
github.com/opencode-go/opencode-go/internal/config/config.go:211.2,211.15 1 0
github.com/opencode-go/opencode-go/internal/config/config.go:216.51,218.22 2 0
github.com/opencode-go/opencode-go/internal/config/config.go:218.22,220.3 1 0
github.com/opencode-go/opencode-go/internal/config/config.go:221.2,221.12 1 0
github.com/opencode-go/opencode-go/internal/config/config.go:224.31,225.23 1 0
github.com/opencode-go/opencode-go/internal/config/config.go:226.22,227.24 1 0
github.com/opencode-go/opencode-go/internal/config/config.go:228.13,230.23 2 0
github.com/opencode-go/opencode-go/internal/config/config.go:230.23,232.4 1 0
github.com/opencode-go/opencode-go/internal/config/config.go:233.3,233.11 1 0
github.com/opencode-go/opencode-go/internal/config/config.go:234.10,235.11 1 0
github.com/opencode-go/opencode-go/internal/config/jsonc.go:7.36,12.25 5 0
github.com/opencode-go/opencode-go/internal/config/jsonc.go:12.25,14.15 2 0
github.com/opencode-go/opencode-go/internal/config/jsonc.go:14.15,16.11 2 0
github.com/opencode-go/opencode-go/internal/config/jsonc.go:17.17,18.20 1 0
github.com/opencode-go/opencode-go/internal/config/jsonc.go:19.19,20.19 1 0
github.com/opencode-go/opencode-go/internal/config/jsonc.go:21.18,22.21 1 0
github.com/opencode-go/opencode-go/internal/config/jsonc.go:24.4,24.12 1 0
github.com/opencode-go/opencode-go/internal/config/jsonc.go:27.3,27.15 1 0
github.com/opencode-go/opencode-go/internal/config/jsonc.go:27.15,30.12 3 0
github.com/opencode-go/opencode-go/internal/config/jsonc.go:32.3,32.45 1 0
github.com/opencode-go/opencode-go/internal/config/jsonc.go:32.45,35.32 2 0
github.com/opencode-go/opencode-go/internal/config/jsonc.go:35.32,37.5 1 0
github.com/opencode-go/opencode-go/internal/config/jsonc.go:38.4,38.13 1 0
github.com/opencode-go/opencode-go/internal/config/jsonc.go:38.13,40.5 1 0
github.com/opencode-go/opencode-go/internal/config/jsonc.go:41.4,41.12 1 0
github.com/opencode-go/opencode-go/internal/config/jsonc.go:43.3,43.45 1 0
github.com/opencode-go/opencode-go/internal/config/jsonc.go:43.45,46.55 2 0
github.com/opencode-go/opencode-go/internal/config/jsonc.go:46.55,48.5 1 0
github.com/opencode-go/opencode-go/internal/config/jsonc.go:49.4,50.12 2 0
github.com/opencode-go/opencode-go/internal/config/jsonc.go:52.3,52.23 1 0
github.com/opencode-go/opencode-go/internal/config/jsonc.go:54.2,54.34 1 0
github.com/opencode-go/opencode-go/internal/config/jsonc.go:59.46,63.32 4 0
github.com/opencode-go/opencode-go/internal/config/jsonc.go:63.32,65.15 2 0
github.com/opencode-go/opencode-go/internal/config/jsonc.go:65.15,67.11 2 0
github.com/opencode-go/opencode-go/internal/config/jsonc.go:68.17,69.20 1 0
github.com/opencode-go/opencode-go/internal/config/jsonc.go:70.19,71.19 1 0
github.com/opencode-go/opencode-go/internal/config/jsonc.go:72.18,73.21 1 0
github.com/opencode-go/opencode-go/internal/config/jsonc.go:75.4,75.12 1 0
github.com/opencode-go/opencode-go/internal/config/jsonc.go:77.3,77.15 1 0
github.com/opencode-go/opencode-go/internal/config/jsonc.go:77.15,80.12 3 0
github.com/opencode-go/opencode-go/internal/config/jsonc.go:82.3,82.15 1 0
github.com/opencode-go/opencode-go/internal/config/jsonc.go:82.15,84.21 2 0
github.com/opencode-go/opencode-go/internal/config/jsonc.go:84.21,85.19 1 0
github.com/opencode-go/opencode-go/internal/config/jsonc.go:86.32,88.14 2 0
github.com/opencode-go/opencode-go/internal/config/jsonc.go:90.5,90.10 1 0
github.com/opencode-go/opencode-go/internal/config/jsonc.go:92.4,92.56 1 0
github.com/opencode-go/opencode-go/internal/config/jsonc.go:92.56,93.13 1 0
github.com/opencode-go/opencode-go/internal/config/jsonc.go:96.3,96.23 1 0
github.com/opencode-go/opencode-go/internal/config/jsonc.go:98.2,98.12 1 0
github.com/opencode-go/opencode-go/internal/pty/pty.go:47.27,54.2 1 0
github.com/opencode-go/opencode-go/internal/pty/pty.go:62.30,64.2 1 0
github.com/opencode-go/opencode-go/internal/pty/pty.go:68.73,70.19 2 0
github.com/opencode-go/opencode-go/internal/pty/pty.go:70.19,72.18 2 0
github.com/opencode-go/opencode-go/internal/pty/pty.go:72.18,74.4 1 0
github.com/opencode-go/opencode-go/internal/pty/pty.go:75.3,75.34 1 0
github.com/opencode-go/opencode-go/internal/pty/pty.go:76.8,78.3 1 0
github.com/opencode-go/opencode-go/internal/pty/pty.go:79.2,79.15 1 0
github.com/opencode-go/opencode-go/internal/pty/pty.go:79.15,81.3 1 0
github.com/opencode-go/opencode-go/internal/pty/pty.go:83.2,84.16 2 0
github.com/opencode-go/opencode-go/internal/pty/pty.go:84.16,86.3 1 0
github.com/opencode-go/opencode-go/internal/pty/pty.go:88.2,104.15 6 0
github.com/opencode-go/opencode-go/internal/pty/pty.go:111.26,113.21 2 0
github.com/opencode-go/opencode-go/internal/pty/pty.go:113.21,116.3 2 0
github.com/opencode-go/opencode-go/internal/pty/pty.go:117.2,121.12 4 0
github.com/opencode-go/opencode-go/internal/pty/pty.go:121.12,122.16 1 0
github.com/opencode-go/opencode-go/internal/pty/pty.go:122.16,123.20 1 0
github.com/opencode-go/opencode-go/internal/pty/pty.go:123.20,125.5 1 0
github.com/opencode-go/opencode-go/internal/pty/pty.go:127.3,128.7 2 0
github.com/opencode-go/opencode-go/internal/pty/pty.go:128.7,130.13 2 0
github.com/opencode-go/opencode-go/internal/pty/pty.go:130.13,134.34 4 0
github.com/opencode-go/opencode-go/internal/pty/pty.go:134.34,136.6 1 0
github.com/opencode-go/opencode-go/internal/pty/pty.go:137.5,138.31 2 0
github.com/opencode-go/opencode-go/internal/pty/pty.go:138.31,139.13 1 0
github.com/opencode-go/opencode-go/internal/pty/pty.go:140.23,140.23 0 0
github.com/opencode-go/opencode-go/internal/pty/pty.go:141.14,141.14 0 0
github.com/opencode-go/opencode-go/internal/pty/pty.go:144.5,144.18 1 0
github.com/opencode-go/opencode-go/internal/pty/pty.go:146.4,146.18 1 0
github.com/opencode-go/opencode-go/internal/pty/pty.go:146.18,149.5 2 0
github.com/opencode-go/opencode-go/internal/pty/pty.go:155.27,159.29 4 0
github.com/opencode-go/opencode-go/internal/pty/pty.go:159.29,162.3 2 0
github.com/opencode-go/opencode-go/internal/pty/pty.go:165.48,170.2 4 0
github.com/opencode-go/opencode-go/internal/pty/pty.go:173.34,176.27 3 0
github.com/opencode-go/opencode-go/internal/pty/pty.go:176.27,178.3 1 0
github.com/opencode-go/opencode-go/internal/pty/pty.go:179.2,180.38 2 0
github.com/opencode-go/opencode-go/internal/pty/pty.go:180.38,182.3 1 0
github.com/opencode-go/opencode-go/internal/pty/pty.go:183.2,183.12 1 0
github.com/opencode-go/opencode-go/internal/pty/pty.go:187.43,190.8 3 0
github.com/opencode-go/opencode-go/internal/pty/pty.go:190.8,192.3 1 0
github.com/opencode-go/opencode-go/internal/pty/pty.go:193.2,194.9 2 0
github.com/opencode-go/opencode-go/internal/pty/pty.go:194.9,196.3 1 0
github.com/opencode-go/opencode-go/internal/pty/pty.go:197.2,198.13 2 0
github.com/opencode-go/opencode-go/internal/pty/pty.go:202.47,204.2 1 0
github.com/opencode-go/opencode-go/internal/pty/pty.go:207.31,209.2 1 0
github.com/opencode-go/opencode-go/internal/pty/pty.go:214.88,221.14 7 0
github.com/opencode-go/opencode-go/internal/pty/pty.go:221.14,225.35 3 0
github.com/opencode-go/opencode-go/internal/pty/pty.go:225.36,225.37 0 0
github.com/opencode-go/opencode-go/internal/pty/pty.go:227.2,231.17 4 0
github.com/opencode-go/opencode-go/internal/pty/pty.go:231.17,232.18 1 0
github.com/opencode-go/opencode-go/internal/pty/pty.go:232.18,234.33 2 0
github.com/opencode-go/opencode-go/internal/pty/pty.go:234.33,237.5 2 0
github.com/opencode-go/opencode-go/internal/pty/pty.go:238.4,238.17 1 0
github.com/opencode-go/opencode-go/internal/pty/pty.go:241.2,241.32 1 0
github.com/opencode-go/opencode-go/internal/pty/pty.go:245.49,247.2 1 0
github.com/opencode-go/opencode-go/internal/pty/pty.go:250.36,256.32 6 0
github.com/opencode-go/opencode-go/internal/pty/pty.go:256.32,257.16 1 0
github.com/opencode-go/opencode-go/internal/pty/pty.go:257.16,259.4 1 0
github.com/opencode-go/opencode-go/internal/pty/pty.go:261.2,263.10 3 0
github.com/opencode-go/opencode-go/internal/pty/pty.go:267.43,272.9 5 0
github.com/opencode-go/opencode-go/internal/pty/pty.go:272.9,274.3 1 0
github.com/opencode-go/opencode-go/internal/pty/pty.go:275.2,276.15 2 0
github.com/opencode-go/opencode-go/internal/pty/pty.go:276.15,278.3 1 0
github.com/opencode-go/opencode-go/internal/pty/pty.go:279.2,279.19 1 0
github.com/opencode-go/opencode-go/internal/pty/pty.go:283.29,286.14 3 0
github.com/opencode-go/opencode-go/internal/pty/pty.go:286.14,288.3 1 0
github.com/opencode-go/opencode-go/internal/pty/pty.go:289.2,290.42 2 0
github.com/opencode-go/opencode-go/internal/pty/pty.go:290.42,292.3 1 0
github.com/opencode-go/opencode-go/internal/pty/pty.go:293.2,293.19 1 0
github.com/opencode-go/opencode-go/internal/pty/pty.go:293.19,295.3 1 0
github.com/opencode-go/opencode-go/internal/pty/pty.go:296.2,296.12 1 0
github.com/opencode-go/opencode-go/internal/pty/pty.go:300.24,303.24 3 0
github.com/opencode-go/opencode-go/internal/pty/pty.go:303.24,304.25 1 0
github.com/opencode-go/opencode-go/internal/pty/pty.go:304.25,306.4 1 0
github.com/opencode-go/opencode-go/internal/pty/pty.go:307.3,307.55 1 0
github.com/opencode-go/opencode-go/internal/pty/pty.go:307.55,310.4 2 0
github.com/opencode-go/opencode-go/internal/pty/pty.go:312.2,315.12 4 0
github.com/opencode-go/opencode-go/cmd/opencode-go/main.go:24.13,25.22 1 0
github.com/opencode-go/opencode-go/cmd/opencode-go/main.go:25.22,28.3 2 0
github.com/opencode-go/opencode-go/cmd/opencode-go/main.go:30.2,30.20 1 0
github.com/opencode-go/opencode-go/cmd/opencode-go/main.go:31.15,32.47 1 0
github.com/opencode-go/opencode-go/cmd/opencode-go/main.go:32.47,35.4 2 0
github.com/opencode-go/opencode-go/cmd/opencode-go/main.go:36.16,37.48 1 0
github.com/opencode-go/opencode-go/cmd/opencode-go/main.go:37.48,40.4 2 0
github.com/opencode-go/opencode-go/cmd/opencode-go/main.go:41.10,43.13 2 0
github.com/opencode-go/opencode-go/cmd/opencode-go/main.go:47.14,50.2 2 0
github.com/opencode-go/opencode-go/cmd/opencode-go/main.go:55.37,59.19 3 0
github.com/opencode-go/opencode-go/cmd/opencode-go/main.go:59.19,60.40 1 0
github.com/opencode-go/opencode-go/cmd/opencode-go/main.go:60.40,62.4 1 0
github.com/opencode-go/opencode-go/cmd/opencode-go/main.go:65.2,68.34 3 0
github.com/opencode-go/opencode-go/cmd/opencode-go/main.go:68.34,70.33 2 0
github.com/opencode-go/opencode-go/cmd/opencode-go/main.go:70.33,72.4 1 0
github.com/opencode-go/opencode-go/cmd/opencode-go/main.go:73.3,74.36 2 0
github.com/opencode-go/opencode-go/cmd/opencode-go/main.go:74.36,76.4 1 0
github.com/opencode-go/opencode-go/cmd/opencode-go/main.go:79.2,79.12 1 0
github.com/opencode-go/opencode-go/cmd/opencode-go/main.go:82.36,86.39 4 0
github.com/opencode-go/opencode-go/cmd/opencode-go/main.go:86.39,88.3 1 0
github.com/opencode-go/opencode-go/cmd/opencode-go/main.go:92.2,92.58 1 0
github.com/opencode-go/opencode-go/cmd/opencode-go/main.go:92.58,94.3 1 0
github.com/opencode-go/opencode-go/cmd/opencode-go/main.go:96.2,99.16 3 0
github.com/opencode-go/opencode-go/cmd/opencode-go/main.go:99.16,101.3 1 0
github.com/opencode-go/opencode-go/cmd/opencode-go/main.go:103.2,104.19 2 0
github.com/opencode-go/opencode-go/cmd/opencode-go/main.go:104.19,105.40 1 0
github.com/opencode-go/opencode-go/cmd/opencode-go/main.go:105.40,107.4 1 0
github.com/opencode-go/opencode-go/cmd/opencode-go/main.go:107.9,109.4 1 0
github.com/opencode-go/opencode-go/cmd/opencode-go/main.go:112.2,113.19 2 0
github.com/opencode-go/opencode-go/cmd/opencode-go/main.go:113.19,115.3 1 0
github.com/opencode-go/opencode-go/cmd/opencode-go/main.go:117.2,131.12 5 0
github.com/opencode-go/opencode-go/cmd/opencode-go/main.go:131.12,133.48 2 0
github.com/opencode-go/opencode-go/cmd/opencode-go/main.go:133.48,135.4 1 0
github.com/opencode-go/opencode-go/cmd/opencode-go/main.go:138.2,141.9 3 0
github.com/opencode-go/opencode-go/cmd/opencode-go/main.go:142.22,143.13 1 0
github.com/opencode-go/opencode-go/cmd/opencode-go/main.go:144.13,148.27 4 0
github.com/opencode-go/opencode-go/cmd/opencode-go/main.go:154.76,155.42 1 0
github.com/opencode-go/opencode-go/cmd/opencode-go/main.go:155.42,158.3 2 0
github.com/opencode-go/opencode-go/cmd/opencode-go/main.go:160.2,164.35 4 0
github.com/opencode-go/opencode-go/cmd/opencode-go/main.go:164.35,168.45 2 0
github.com/opencode-go/opencode-go/cmd/opencode-go/main.go:168.45,170.4 1 0
github.com/opencode-go/opencode-go/cmd/opencode-go/main.go:171.3,171.104 1 0
github.com/opencode-go/opencode-go/cmd/opencode-go/main.go:177.2,178.19 2 0
github.com/opencode-go/opencode-go/cmd/opencode-go/main.go:178.19,179.40 1 0
github.com/opencode-go/opencode-go/cmd/opencode-go/main.go:179.40,181.4 1 0
github.com/opencode-go/opencode-go/cmd/opencode-go/main.go:183.2,184.88 2 0
github.com/opencode-go/opencode-go/cmd/opencode-go/main.go:184.88,187.3 2 0
github.com/opencode-go/opencode-go/cmd/opencode-go/main.go:189.2,190.42 2 0
github.com/opencode-go/opencode-go/cmd/opencode-go/main.go:197.25,199.25 2 0
github.com/opencode-go/opencode-go/cmd/opencode-go/main.go:199.25,201.3 1 0
github.com/opencode-go/opencode-go/cmd/opencode-go/main.go:202.2,202.10 1 0
github.com/opencode-go/opencode-go/internal/session/persist.go:17.38,19.2 1 0
github.com/opencode-go/opencode-go/internal/session/persist.go:23.49,24.15 1 1
github.com/opencode-go/opencode-go/internal/session/persist.go:24.15,25.76 1 1
github.com/opencode-go/opencode-go/internal/session/persist.go:25.76,27.4 1 0
github.com/opencode-go/opencode-go/internal/session/persist.go:29.2,32.12 4 1
github.com/opencode-go/opencode-go/internal/session/persist.go:38.30,42.15 4 1
github.com/opencode-go/opencode-go/internal/session/persist.go:42.15,44.3 1 0
github.com/opencode-go/opencode-go/internal/session/persist.go:45.2,46.16 2 1
github.com/opencode-go/opencode-go/internal/session/persist.go:46.16,48.3 1 0
github.com/opencode-go/opencode-go/internal/session/persist.go:49.2,51.26 3 1
github.com/opencode-go/opencode-go/internal/session/persist.go:51.26,53.17 2 1
github.com/opencode-go/opencode-go/internal/session/persist.go:53.17,55.12 2 0
github.com/opencode-go/opencode-go/internal/session/persist.go:57.3,58.51 2 1
github.com/opencode-go/opencode-go/internal/session/persist.go:58.51,60.12 2 0
github.com/opencode-go/opencode-go/internal/session/persist.go:62.3,62.26 1 1
github.com/opencode-go/opencode-go/internal/session/persist.go:62.26,63.12 1 0
github.com/opencode-go/opencode-go/internal/session/persist.go:65.3,68.30 4 1
github.com/opencode-go/opencode-go/internal/session/persist.go:68.30,71.4 2 1
github.com/opencode-go/opencode-go/internal/session/persist.go:73.3,73.46 1 1
github.com/opencode-go/opencode-go/internal/session/persist.go:73.46,75.4 1 1
github.com/opencode-go/opencode-go/internal/session/persist.go:76.3,76.29 1 1
github.com/opencode-go/opencode-go/internal/session/persist.go:78.2,78.12 1 1
github.com/opencode-go/opencode-go/internal/session/persist.go:86.50,89.15 3 1
github.com/opencode-go/opencode-go/internal/session/persist.go:89.15,92.3 2 0
github.com/opencode-go/opencode-go/internal/session/persist.go:93.2,94.9 2 1
github.com/opencode-go/opencode-go/internal/session/persist.go:94.9,97.3 2 0
github.com/opencode-go/opencode-go/internal/session/persist.go:98.2,99.42 2 1
github.com/opencode-go/opencode-go/internal/session/persist.go:99.42,101.3 1 1
github.com/opencode-go/opencode-go/internal/session/persist.go:102.2,104.16 3 1
github.com/opencode-go/opencode-go/internal/session/persist.go:104.16,107.3 2 0
github.com/opencode-go/opencode-go/internal/session/persist.go:108.2,110.16 3 1
github.com/opencode-go/opencode-go/internal/session/persist.go:110.16,113.3 2 0
github.com/opencode-go/opencode-go/internal/session/persist.go:114.2,115.43 2 1
github.com/opencode-go/opencode-go/internal/session/persist.go:115.43,120.3 4 0
github.com/opencode-go/opencode-go/internal/session/persist.go:121.2,121.35 1 1
github.com/opencode-go/opencode-go/internal/session/persist.go:121.35,126.3 4 0
github.com/opencode-go/opencode-go/internal/session/persist.go:127.2,127.36 1 1
github.com/opencode-go/opencode-go/internal/session/persist.go:127.36,131.3 3 0
github.com/opencode-go/opencode-go/internal/session/persist.go:132.2,133.50 2 1
github.com/opencode-go/opencode-go/internal/session/persist.go:133.50,136.3 2 0
github.com/opencode-go/opencode-go/internal/session/persist.go:140.51,144.15 4 0
github.com/opencode-go/opencode-go/internal/session/persist.go:144.15,146.3 1 0
github.com/opencode-go/opencode-go/internal/session/persist.go:147.2,147.108 1 0
github.com/opencode-go/opencode-go/internal/session/persist.go:147.108,149.3 1 0
github.com/opencode-go/opencode-go/internal/session/store.go:38.34,40.2 1 1
github.com/opencode-go/opencode-go/internal/session/store.go:42.54,45.20 3 1
github.com/opencode-go/opencode-go/internal/session/store.go:45.20,48.3 2 1
github.com/opencode-go/opencode-go/internal/session/store.go:49.2,54.16 5 1
github.com/opencode-go/opencode-go/internal/session/store.go:54.16,56.3 1 1
github.com/opencode-go/opencode-go/internal/session/store.go:57.2,58.25 2 1
github.com/opencode-go/opencode-go/internal/session/store.go:58.25,60.3 1 1
github.com/opencode-go/opencode-go/internal/session/store.go:61.2,62.64 2 1
github.com/opencode-go/opencode-go/internal/session/store.go:65.33,69.25 4 1
github.com/opencode-go/opencode-go/internal/session/store.go:69.25,71.3 1 1
github.com/opencode-go/opencode-go/internal/session/store.go:72.2,72.20 1 1
github.com/opencode-go/opencode-go/internal/session/store.go:75.20,75.53 1 1
github.com/opencode-go/opencode-go/internal/session/store.go:84.21,88.17 4 1
github.com/opencode-go/opencode-go/internal/session/store.go:88.17,90.3 1 1
github.com/opencode-go/opencode-go/internal/session/store.go:91.2,92.10 2 1
github.com/opencode-go/opencode-go/internal/session/store.go:96.24,101.2 1 1
github.com/opencode-go/opencode-go/internal/session/store.go:103.51,106.18 3 0
github.com/opencode-go/opencode-go/internal/session/store.go:106.18,108.3 1 0
github.com/opencode-go/opencode-go/internal/session/store.go:109.2,110.17 2 0
github.com/opencode-go/opencode-go/internal/session/store.go:110.17,112.3 1 0
github.com/opencode-go/opencode-go/internal/session/store.go:113.2,113.15 1 0
github.com/opencode-go/opencode-go/internal/session/store.go:117.74,131.2 7 1
github.com/opencode-go/opencode-go/internal/session/store.go:135.34,138.34 3 0
github.com/opencode-go/opencode-go/internal/session/store.go:138.34,140.3 1 0
github.com/opencode-go/opencode-go/internal/session/store.go:141.2,142.38 2 0
github.com/opencode-go/opencode-go/internal/session/store.go:142.38,144.3 1 0
github.com/opencode-go/opencode-go/internal/session/store.go:145.2,145.12 1 0
github.com/opencode-go/opencode-go/internal/session/store.go:149.55,153.9 4 1
github.com/opencode-go/opencode-go/internal/session/store.go:153.9,155.3 1 0
github.com/opencode-go/opencode-go/internal/session/store.go:156.2,156.20 1 1
github.com/opencode-go/opencode-go/internal/session/store.go:162.71,166.9 4 0
github.com/opencode-go/opencode-go/internal/session/store.go:166.9,168.3 1 0
github.com/opencode-go/opencode-go/internal/session/store.go:169.2,169.18 1 0
github.com/opencode-go/opencode-go/internal/session/store.go:169.18,171.3 1 0
github.com/opencode-go/opencode-go/internal/session/store.go:172.2,173.20 2 0
github.com/opencode-go/opencode-go/internal/session/store.go:177.40,180.34 3 0
github.com/opencode-go/opencode-go/internal/session/store.go:180.34,182.3 1 0
github.com/opencode-go/opencode-go/internal/session/store.go:183.2,185.13 3 0
github.com/opencode-go/opencode-go/internal/session/store.go:190.82,194.16 4 0
github.com/opencode-go/opencode-go/internal/session/store.go:194.16,196.3 1 0
github.com/opencode-go/opencode-go/internal/session/store.go:197.2,197.31 1 0
github.com/opencode-go/opencode-go/internal/session/store.go:202.137,204.21 2 1
github.com/opencode-go/opencode-go/internal/session/store.go:204.21,206.3 1 1
github.com/opencode-go/opencode-go/internal/session/store.go:207.2,207.21 1 1
github.com/opencode-go/opencode-go/internal/session/store.go:207.21,209.3 1 0
github.com/opencode-go/opencode-go/internal/session/store.go:210.2,220.39 2 1
github.com/opencode-go/opencode-go/internal/session/store.go:220.39,222.3 1 1
github.com/opencode-go/opencode-go/internal/session/store.go:223.2,223.26 1 1
github.com/opencode-go/opencode-go/internal/session/store.go:223.26,231.3 1 1
github.com/opencode-go/opencode-go/internal/session/store.go:233.2,235.41 3 1
github.com/opencode-go/opencode-go/internal/session/store.go:235.41,237.3 1 0
github.com/opencode-go/opencode-go/internal/session/store.go:238.2,239.87 2 1
github.com/opencode-go/opencode-go/internal/session/store.go:239.87,242.3 2 0
github.com/opencode-go/opencode-go/internal/session/store.go:243.2,243.31 1 1
github.com/opencode-go/opencode-go/internal/session/store.go:248.128,250.21 2 1
github.com/opencode-go/opencode-go/internal/session/store.go:250.21,252.3 1 0
github.com/opencode-go/opencode-go/internal/session/store.go:253.2,253.16 1 1
github.com/opencode-go/opencode-go/internal/session/store.go:253.16,255.3 1 0
github.com/opencode-go/opencode-go/internal/session/store.go:256.2,283.41 5 1
github.com/opencode-go/opencode-go/internal/session/store.go:283.41,285.3 1 0
github.com/opencode-go/opencode-go/internal/session/store.go:286.2,287.31 2 1
github.com/opencode-go/opencode-go/internal/session/store.go:293.89,297.16 4 0
github.com/opencode-go/opencode-go/internal/session/store.go:297.16,299.3 1 0
github.com/opencode-go/opencode-go/internal/session/store.go:300.2,301.26 2 0
github.com/opencode-go/opencode-go/internal/session/store.go:301.26,303.3 1 0
github.com/opencode-go/opencode-go/internal/session/store.go:305.2,306.27 2 0
github.com/opencode-go/opencode-go/internal/session/store.go:306.27,307.36 1 0
github.com/opencode-go/opencode-go/internal/session/store.go:307.36,309.9 2 0
github.com/opencode-go/opencode-go/internal/session/store.go:312.2,312.14 1 0
github.com/opencode-go/opencode-go/internal/session/store.go:312.14,322.3 2 0
github.com/opencode-go/opencode-go/internal/session/store.go:323.2,324.27 2 0
github.com/opencode-go/opencode-go/internal/session/store.go:327.97,330.50 3 1
github.com/opencode-go/opencode-go/internal/session/store.go:330.50,332.19 2 0
github.com/opencode-go/opencode-go/internal/session/store.go:332.19,333.74 1 0
github.com/opencode-go/opencode-go/internal/session/store.go:333.74,335.5 1 0
github.com/opencode-go/opencode-go/internal/session/store.go:336.4,336.80 1 0
github.com/opencode-go/opencode-go/internal/session/store.go:336.80,338.5 1 0
github.com/opencode-go/opencode-go/internal/session/store.go:338.10,338.82 1 0
github.com/opencode-go/opencode-go/internal/session/store.go:338.82,340.5 1 0
github.com/opencode-go/opencode-go/internal/session/store.go:342.3,342.33 1 0
github.com/opencode-go/opencode-go/internal/session/store.go:343.8,345.3 1 1
github.com/opencode-go/opencode-go/internal/session/store.go:346.2,346.69 1 1
github.com/opencode-go/opencode-go/internal/session/store.go:352.137,356.16 4 1
github.com/opencode-go/opencode-go/internal/session/store.go:356.16,358.3 1 0
github.com/opencode-go/opencode-go/internal/session/store.go:359.2,361.48 3 1
github.com/opencode-go/opencode-go/internal/session/store.go:361.48,363.3 1 1
github.com/opencode-go/opencode-go/internal/session/store.go:364.2,369.18 2 1
github.com/opencode-go/opencode-go/internal/session/store.go:369.18,370.28 1 1
github.com/opencode-go/opencode-go/internal/session/store.go:370.28,372.48 2 1
github.com/opencode-go/opencode-go/internal/session/store.go:372.48,373.13 1 1
github.com/opencode-go/opencode-go/internal/session/store.go:375.4,375.23 1 0
github.com/opencode-go/opencode-go/internal/session/store.go:375.23,377.5 1 0
github.com/opencode-go/opencode-go/internal/session/store.go:378.4,378.28 1 0
github.com/opencode-go/opencode-go/internal/session/store.go:378.28,380.5 1 0
github.com/opencode-go/opencode-go/internal/session/store.go:381.4,382.20 2 0
github.com/opencode-go/opencode-go/internal/session/store.go:382.20,384.5 1 0
github.com/opencode-go/opencode-go/internal/session/store.go:385.4,388.16 4 0
github.com/opencode-go/opencode-go/internal/session/store.go:388.16,389.59 1 0
github.com/opencode-go/opencode-go/internal/session/store.go:389.59,391.6 1 0
github.com/opencode-go/opencode-go/internal/session/store.go:392.5,392.28 1 0
github.com/opencode-go/opencode-go/internal/session/store.go:394.4,394.30 1 0
github.com/opencode-go/opencode-go/internal/session/store.go:397.2,414.27 3 1
github.com/opencode-go/opencode-go/internal/session/store.go:420.114,424.16 4 0
github.com/opencode-go/opencode-go/internal/session/store.go:424.16,426.3 1 0
github.com/opencode-go/opencode-go/internal/session/store.go:427.2,437.27 3 0
github.com/opencode-go/opencode-go/internal/session/store.go:443.90,447.16 4 0
github.com/opencode-go/opencode-go/internal/session/store.go:447.16,449.3 1 0
github.com/opencode-go/opencode-go/internal/session/store.go:450.2,456.3 1 0
github.com/opencode-go/opencode-go/internal/session/store.go:460.87,464.16 4 0
github.com/opencode-go/opencode-go/internal/session/store.go:464.16,466.3 1 0
github.com/opencode-go/opencode-go/internal/session/store.go:467.2,469.23 3 0
github.com/opencode-go/opencode-go/internal/session/store.go:476.69,480.16 4 0
github.com/opencode-go/opencode-go/internal/session/store.go:480.16,482.3 1 0
github.com/opencode-go/opencode-go/internal/session/store.go:483.2,484.27 2 0
github.com/opencode-go/opencode-go/internal/session/store.go:484.27,486.88 2 0
github.com/opencode-go/opencode-go/internal/session/store.go:486.88,490.4 3 0
github.com/opencode-go/opencode-go/internal/session/store.go:492.2,492.16 1 0
github.com/opencode-go/opencode-go/internal/session/store.go:496.74,500.16 4 0
github.com/opencode-go/opencode-go/internal/session/store.go:500.16,502.3 1 0
github.com/opencode-go/opencode-go/internal/session/store.go:503.2,503.23 1 0
github.com/opencode-go/opencode-go/internal/session/store.go:508.71,512.9 4 1
github.com/opencode-go/opencode-go/internal/session/store.go:512.9,513.50 1 0
github.com/opencode-go/opencode-go/internal/session/store.go:513.50,515.4 1 0
github.com/opencode-go/opencode-go/internal/session/store.go:517.2,518.25 2 1
github.com/opencode-go/opencode-go/internal/session/store.go:518.25,520.3 1 1
github.com/opencode-go/opencode-go/internal/session/store.go:521.2,521.18 1 1
github.com/opencode-go/opencode-go/internal/session/store.go:525.82,526.42 1 1
github.com/opencode-go/opencode-go/internal/session/store.go:526.42,527.29 1 1
github.com/opencode-go/opencode-go/internal/session/store.go:527.29,529.4 1 1
github.com/opencode-go/opencode-go/internal/session/store.go:531.2,531.12 1 0
github.com/opencode-go/opencode-go/internal/session/store.go:534.56,536.34 2 1
github.com/opencode-go/opencode-go/internal/session/store.go:536.34,539.3 2 0
github.com/opencode-go/opencode-go/internal/session/store.go:540.2,540.26 1 1
github.com/opencode-go/opencode-go/internal/session/store.go:540.26,543.3 2 1
github.com/opencode-go/opencode-go/internal/session/store.go:544.2,544.24 1 1
github.com/opencode-go/opencode-go/internal/session/store.go:544.24,547.3 2 1
github.com/opencode-go/opencode-go/internal/session/store.go:548.2,549.25 2 1
github.com/opencode-go/opencode-go/internal/session/store.go:549.25,551.3 1 1
github.com/opencode-go/opencode-go/internal/session/store.go:552.2,552.12 1 1
github.com/opencode-go/opencode-go/internal/session/store.go:557.28,558.20 1 1
github.com/opencode-go/opencode-go/internal/session/store.go:558.20,560.26 2 1
github.com/opencode-go/opencode-go/internal/session/store.go:560.26,563.4 2 1
github.com/opencode-go/opencode-go/internal/session/store.go:564.3,564.16 1 1
github.com/opencode-go/opencode-go/internal/session/store.go:566.2,566.19 1 1
github.com/opencode-go/opencode-go/internal/session/store.go:566.19,568.24 2 0
github.com/opencode-go/opencode-go/internal/session/store.go:568.24,571.4 2 0
github.com/opencode-go/opencode-go/internal/session/store.go:572.3,572.14 1 0
github.com/opencode-go/opencode-go/internal/session/store.go:574.2,574.21 1 1
github.com/opencode-go/opencode-go/internal/session/store.go:574.21,577.3 2 0
github.com/opencode-go/opencode-go/internal/session/store.go:578.2,578.10 1 1
github.com/opencode-go/opencode-go/internal/tool/builtins_mutating.go:19.34,19.54 1 0
github.com/opencode-go/opencode-go/internal/tool/builtins_mutating.go:33.34,33.52 1 1
github.com/opencode-go/opencode-go/internal/tool/builtins_mutating.go:34.34,34.49 1 0
github.com/opencode-go/opencode-go/internal/tool/builtins_mutating.go:36.99,41.51 2 1
github.com/opencode-go/opencode-go/internal/tool/builtins_mutating.go:41.51,43.3 1 0
github.com/opencode-go/opencode-go/internal/tool/builtins_mutating.go:44.2,44.92 1 1
github.com/opencode-go/opencode-go/internal/tool/builtins_mutating.go:44.92,46.3 1 0
github.com/opencode-go/opencode-go/internal/tool/builtins_mutating.go:47.2,48.16 2 1
github.com/opencode-go/opencode-go/internal/tool/builtins_mutating.go:48.16,50.3 1 1
github.com/opencode-go/opencode-go/internal/tool/builtins_mutating.go:51.2,53.17 3 1
github.com/opencode-go/opencode-go/internal/tool/builtins_mutating.go:53.17,55.3 1 0
github.com/opencode-go/opencode-go/internal/tool/builtins_mutating.go:56.2,56.17 1 1
github.com/opencode-go/opencode-go/internal/tool/builtins_mutating.go:56.17,58.3 1 0
github.com/opencode-go/opencode-go/internal/tool/builtins_mutating.go:59.2,59.48 1 1
github.com/opencode-go/opencode-go/internal/tool/builtins_mutating.go:65.33,65.50 1 1
github.com/opencode-go/opencode-go/internal/tool/builtins_mutating.go:66.33,66.48 1 0
github.com/opencode-go/opencode-go/internal/tool/builtins_mutating.go:68.98,74.51 2 1
github.com/opencode-go/opencode-go/internal/tool/builtins_mutating.go:74.51,76.3 1 0
github.com/opencode-go/opencode-go/internal/tool/builtins_mutating.go:77.2,78.16 2 1
github.com/opencode-go/opencode-go/internal/tool/builtins_mutating.go:78.16,80.3 1 0
github.com/opencode-go/opencode-go/internal/tool/builtins_mutating.go:81.2,83.16 3 1
github.com/opencode-go/opencode-go/internal/tool/builtins_mutating.go:83.16,85.3 1 0
github.com/opencode-go/opencode-go/internal/tool/builtins_mutating.go:86.2,87.18 2 1
github.com/opencode-go/opencode-go/internal/tool/builtins_mutating.go:87.18,89.3 1 1
github.com/opencode-go/opencode-go/internal/tool/builtins_mutating.go:90.2,91.12 2 1
github.com/opencode-go/opencode-go/internal/tool/builtins_mutating.go:91.12,93.3 1 0
github.com/opencode-go/opencode-go/internal/tool/builtins_mutating.go:94.2,94.11 1 1
github.com/opencode-go/opencode-go/internal/tool/builtins_mutating.go:94.11,96.3 1 1
github.com/opencode-go/opencode-go/internal/tool/builtins_mutating.go:97.2,99.16 3 1
github.com/opencode-go/opencode-go/internal/tool/builtins_mutating.go:99.16,101.3 1 0
github.com/opencode-go/opencode-go/internal/tool/builtins_mutating.go:102.2,104.17 3 1
github.com/opencode-go/opencode-go/internal/tool/builtins_mutating.go:104.17,106.3 1 0
github.com/opencode-go/opencode-go/internal/tool/builtins_mutating.go:107.2,107.17 1 1
github.com/opencode-go/opencode-go/internal/tool/builtins_mutating.go:107.17,109.3 1 0
github.com/opencode-go/opencode-go/internal/tool/builtins_mutating.go:110.2,110.49 1 1
github.com/opencode-go/opencode-go/internal/tool/builtins_mutating.go:122.54,123.14 1 1
github.com/opencode-go/opencode-go/internal/tool/builtins_mutating.go:123.14,126.3 2 0
github.com/opencode-go/opencode-go/internal/tool/builtins_mutating.go:127.2,127.18 1 1
github.com/opencode-go/opencode-go/internal/tool/builtins_mutating.go:127.18,132.3 4 0
github.com/opencode-go/opencode-go/internal/tool/builtins_mutating.go:133.2,134.21 2 1
github.com/opencode-go/opencode-go/internal/tool/builtins_mutating.go:141.33,141.50 1 1
github.com/opencode-go/opencode-go/internal/tool/builtins_mutating.go:142.33,142.48 1 0
github.com/opencode-go/opencode-go/internal/tool/builtins_mutating.go:144.98,148.51 2 1
github.com/opencode-go/opencode-go/internal/tool/builtins_mutating.go:148.51,150.3 1 0
github.com/opencode-go/opencode-go/internal/tool/builtins_mutating.go:152.2,160.28 6 1
github.com/opencode-go/opencode-go/internal/tool/builtins_mutating.go:160.28,161.25 1 0
github.com/opencode-go/opencode-go/internal/tool/builtins_mutating.go:161.25,163.4 1 0
github.com/opencode-go/opencode-go/internal/tool/builtins_mutating.go:164.3,164.13 1 0
github.com/opencode-go/opencode-go/internal/tool/builtins_mutating.go:167.2,175.24 6 1
github.com/opencode-go/opencode-go/internal/tool/builtins_mutating.go:175.24,177.3 1 1
github.com/opencode-go/opencode-go/internal/tool/builtins_mutating.go:179.2,180.44 2 1
github.com/opencode-go/opencode-go/internal/tool/builtins_mutating.go:180.44,182.3 1 0
github.com/opencode-go/opencode-go/internal/tool/builtins_mutating.go:182.8,182.56 1 1
github.com/opencode-go/opencode-go/internal/tool/builtins_mutating.go:182.56,184.3 1 0
github.com/opencode-go/opencode-go/internal/tool/builtins_mutating.go:185.2,185.55 1 1
[...]
github.com/opencode-go/opencode-go/internal/server/pty_connect.go:31.2,31.21 1 0
github.com/opencode-go/opencode-go/internal/server/pty_connect.go:31.21,34.3 2 0
github.com/opencode-go/opencode-go/internal/server/pty_connect.go:38.2,39.16 2 0
github.com/opencode-go/opencode-go/internal/server/pty_connect.go:39.16,41.3 1 0
github.com/opencode-go/opencode-go/internal/server/pty_connect.go:42.2,56.68 7 0
github.com/opencode-go/opencode-go/internal/server/pty_connect.go:56.68,58.3 1 0
github.com/opencode-go/opencode-go/internal/server/pty_connect.go:61.2,62.47 2 0
github.com/opencode-go/opencode-go/internal/server/pty_connect.go:62.47,64.25 2 0
github.com/opencode-go/opencode-go/internal/server/pty_connect.go:64.25,66.4 1 0
github.com/opencode-go/opencode-go/internal/server/pty_connect.go:67.3,67.77 1 0
github.com/opencode-go/opencode-go/internal/server/pty_connect.go:67.77,69.4 1 0
github.com/opencode-go/opencode-go/internal/server/pty_connect.go:73.2,73.12 1 0
github.com/opencode-go/opencode-go/internal/server/pty_connect.go:73.12,75.7 2 0
github.com/opencode-go/opencode-go/internal/server/pty_connect.go:75.7,76.11 1 0
github.com/opencode-go/opencode-go/internal/server/pty_connect.go:77.22,78.11 1 0
github.com/opencode-go/opencode-go/internal/server/pty_connect.go:79.27,80.12 1 0
github.com/opencode-go/opencode-go/internal/server/pty_connect.go:80.12,82.6 1 0
github.com/opencode-go/opencode-go/internal/server/pty_connect.go:83.5,83.70 1 0
github.com/opencode-go/opencode-go/internal/server/pty_connect.go:83.70,85.6 1 0
github.com/opencode-go/opencode-go/internal/server/pty_connect.go:93.2,93.6 1 0
github.com/opencode-go/opencode-go/internal/server/pty_connect.go:93.6,95.17 2 0
github.com/opencode-go/opencode-go/internal/server/pty_connect.go:95.17,97.4 1 0
github.com/opencode-go/opencode-go/internal/server/pty_connect.go:98.3,98.20 1 0
github.com/opencode-go/opencode-go/internal/server/pty_connect.go:98.20,99.50 1 0
github.com/opencode-go/opencode-go/internal/server/pty_connect.go:99.50,101.5 1 0
github.com/opencode-go/opencode-go/internal/server/pty_handlers.go:12.72,14.2 1 0
github.com/opencode-go/opencode-go/internal/server/pty_handlers.go:17.74,19.2 1 0
github.com/opencode-go/opencode-go/internal/server/pty_handlers.go:22.74,27.19 2 0
github.com/opencode-go/opencode-go/internal/server/pty_handlers.go:27.19,29.3 1 0
github.com/opencode-go/opencode-go/internal/server/pty_handlers.go:30.2,33.16 4 0
github.com/opencode-go/opencode-go/internal/server/pty_handlers.go:33.16,36.3 2 0
github.com/opencode-go/opencode-go/internal/server/pty_handlers.go:37.2,37.39 1 0
github.com/opencode-go/opencode-go/internal/server/pty_handlers.go:41.71,44.9 3 0
github.com/opencode-go/opencode-go/internal/server/pty_handlers.go:44.9,47.3 2 0
github.com/opencode-go/opencode-go/internal/server/pty_handlers.go:48.2,48.39 1 0
github.com/opencode-go/opencode-go/internal/server/pty_handlers.go:52.74,55.9 3 0
github.com/opencode-go/opencode-go/internal/server/pty_handlers.go:55.9,58.3 2 0
github.com/opencode-go/opencode-go/internal/server/pty_handlers.go:59.2,63.19 2 0
github.com/opencode-go/opencode-go/internal/server/pty_handlers.go:63.19,65.3 1 0
github.com/opencode-go/opencode-go/internal/server/pty_handlers.go:66.2,66.55 1 0
github.com/opencode-go/opencode-go/internal/server/pty_handlers.go:66.55,69.3 2 0
github.com/opencode-go/opencode-go/internal/server/pty_handlers.go:70.2,70.39 1 0
github.com/opencode-go/opencode-go/internal/server/pty_handlers.go:74.74,78.2 3 0
github.com/opencode-go/opencode-go/internal/server/pty_handlers.go:82.80,85.9 3 0
github.com/opencode-go/opencode-go/internal/server/pty_handlers.go:85.9,88.3 2 0
github.com/opencode-go/opencode-go/internal/server/pty_handlers.go:89.2,90.66 2 0
github.com/opencode-go/opencode-go/internal/server/router.go:10.40,100.2 61 1
github.com/opencode-go/opencode-go/internal/server/router.go:103.42,104.54 1 1
github.com/opencode-go/opencode-go/internal/server/router.go:104.54,106.3 1 1
github.com/opencode-go/opencode-go/internal/server/router.go:107.2,107.34 1 1
github.com/opencode-go/opencode-go/internal/server/server.go:59.32,61.19 2 1
github.com/opencode-go/opencode-go/internal/server/server.go:61.19,63.3 1 1
github.com/opencode-go/opencode-go/internal/server/server.go:64.2,65.18 2 1
github.com/opencode-go/opencode-go/internal/server/server.go:65.18,67.3 1 1
github.com/opencode-go/opencode-go/internal/server/server.go:68.2,69.19 2 1
github.com/opencode-go/opencode-go/internal/server/server.go:69.19,71.3 1 1
github.com/opencode-go/opencode-go/internal/server/server.go:72.2,73.44 2 1
github.com/opencode-go/opencode-go/internal/server/server.go:73.44,75.3 1 0
github.com/opencode-go/opencode-go/internal/server/server.go:76.2,77.24 2 1
github.com/opencode-go/opencode-go/internal/server/server.go:77.24,78.56 1 0
github.com/opencode-go/opencode-go/internal/server/server.go:78.56,80.4 1 0
github.com/opencode-go/opencode-go/internal/server/server.go:80.9,80.42 1 0
github.com/opencode-go/opencode-go/internal/server/server.go:80.42,82.4 1 0
github.com/opencode-go/opencode-go/internal/server/server.go:84.2,87.52 1 1
github.com/opencode-go/opencode-go/internal/server/server.go:87.52,88.26 1 1
github.com/opencode-go/opencode-go/internal/server/server.go:88.26,90.5 1 0
github.com/opencode-go/opencode-go/internal/server/server.go:91.4,91.13 1 1
github.com/opencode-go/opencode-go/internal/server/server.go:103.2,105.12 3 1
github.com/opencode-go/opencode-go/internal/server/server.go:109.41,111.2 1 1
github.com/opencode-go/opencode-go/internal/server/server.go:114.78,118.2 3 1
github.com/opencode-go/opencode-go/internal/server/server.go:121.48,125.2 3 1
github.com/opencode-go/opencode-go/internal/server/server.go:129.55,133.20 4 1
github.com/opencode-go/opencode-go/internal/server/server.go:133.20,136.3 2 0
github.com/opencode-go/opencode-go/internal/server/server.go:137.2,137.14 1 1
github.com/opencode-go/opencode-go/internal/server/server.go:142.52,144.16 2 0
github.com/opencode-go/opencode-go/internal/server/server.go:144.16,146.114 2 0
github.com/opencode-go/opencode-go/internal/server/server.go:146.114,148.4 1 0
github.com/opencode-go/opencode-go/internal/server/server.go:150.2,154.32 2 0
github.com/opencode-go/opencode-go/internal/server/server.go:158.54,159.18 1 0
github.com/opencode-go/opencode-go/internal/server/server.go:159.18,161.3 1 0
github.com/opencode-go/opencode-go/internal/server/server.go:162.2,162.19 1 0
github.com/opencode-go/opencode-go/internal/server/server.go:162.19,164.3 1 0
github.com/opencode-go/opencode-go/internal/server/server.go:165.2,165.29 1 0
github.com/opencode-go/opencode-go/internal/server/server.go:173.52,177.64 1 1
github.com/opencode-go/opencode-go/internal/server/server.go:177.64,179.3 1 1
github.com/opencode-go/opencode-go/internal/server/server.go:180.2,181.20 2 0
github.com/opencode-go/opencode-go/internal/server/server.go:181.20,183.3 1 0
github.com/opencode-go/opencode-go/internal/server/server.go:184.2,185.16 2 0
github.com/opencode-go/opencode-go/internal/server/session_handlers.go:11.76,13.38 2 0
github.com/opencode-go/opencode-go/internal/server/session_handlers.go:13.38,15.29 2 0
github.com/opencode-go/opencode-go/internal/server/session_handlers.go:15.29,16.29 1 0
github.com/opencode-go/opencode-go/internal/server/session_handlers.go:16.29,18.5 1 0
github.com/opencode-go/opencode-go/internal/server/session_handlers.go:20.3,20.18 1 0
github.com/opencode-go/opencode-go/internal/server/session_handlers.go:22.2,22.35 1 0
github.com/opencode-go/opencode-go/internal/server/session_handlers.go:27.76,29.2 1 0
github.com/opencode-go/opencode-go/internal/server/session_handlers.go:33.76,35.2 1 0
github.com/opencode-go/opencode-go/internal/server/session_handlers.go:38.75,41.9 3 1
github.com/opencode-go/opencode-go/internal/server/session_handlers.go:41.9,44.3 2 1
github.com/opencode-go/opencode-go/internal/server/session_handlers.go:45.2,45.35 1 1
github.com/opencode-go/opencode-go/internal/server/session_handlers.go:55.78,57.42 2 1
github.com/opencode-go/opencode-go/internal/server/session_handlers.go:57.42,60.3 2 1
github.com/opencode-go/opencode-go/internal/server/session_handlers.go:62.2,63.44 2 1
github.com/opencode-go/opencode-go/internal/server/session_handlers.go:63.44,66.3 2 0
github.com/opencode-go/opencode-go/internal/server/session_handlers.go:70.2,71.9 2 1
github.com/opencode-go/opencode-go/internal/server/session_handlers.go:71.9,74.3 2 0
github.com/opencode-go/opencode-go/internal/server/session_handlers.go:75.2,77.35 3 1
github.com/opencode-go/opencode-go/internal/server/session_handlers.go:82.78,85.9 3 1
github.com/opencode-go/opencode-go/internal/server/session_handlers.go:85.9,88.3 2 1
github.com/opencode-go/opencode-go/internal/server/session_handlers.go:89.2,89.25 1 1
github.com/opencode-go/opencode-go/internal/server/session_handlers.go:89.25,92.3 2 0
github.com/opencode-go/opencode-go/internal/server/session_handlers.go:93.2,95.35 3 1
github.com/opencode-go/opencode-go/internal/server/session_handlers.go:100.80,102.42 2 1
github.com/opencode-go/opencode-go/internal/server/session_handlers.go:102.42,105.3 2 1
github.com/opencode-go/opencode-go/internal/server/session_handlers.go:106.2,106.46 1 1
github.com/opencode-go/opencode-go/internal/server/session_handlers.go:113.77,115.42 2 1
github.com/opencode-go/opencode-go/internal/server/session_handlers.go:115.42,118.3 2 1
github.com/opencode-go/opencode-go/internal/server/session_handlers.go:119.2,122.35 4 1
github.com/opencode-go/opencode-go/internal/server/session_handlers.go:127.75,131.9 4 1
github.com/opencode-go/opencode-go/internal/server/session_handlers.go:131.9,134.3 2 1
github.com/opencode-go/opencode-go/internal/server/session_handlers.go:135.2,135.34 1 1
github.com/opencode-go/opencode-go/internal/server/shell_handlers.go:34.77,36.42 2 0
github.com/opencode-go/opencode-go/internal/server/shell_handlers.go:36.42,39.3 2 0
github.com/opencode-go/opencode-go/internal/server/shell_handlers.go:41.2,42.44 2 0
github.com/opencode-go/opencode-go/internal/server/shell_handlers.go:42.44,45.3 2 0
github.com/opencode-go/opencode-go/internal/server/shell_handlers.go:47.2,48.22 2 0
github.com/opencode-go/opencode-go/internal/server/shell_handlers.go:48.22,51.3 2 0
github.com/opencode-go/opencode-go/internal/server/shell_handlers.go:54.2,55.9 2 0
github.com/opencode-go/opencode-go/internal/server/shell_handlers.go:55.9,58.3 2 0
github.com/opencode-go/opencode-go/internal/server/shell_handlers.go:59.2,65.9 4 0
github.com/opencode-go/opencode-go/internal/server/shell_handlers.go:65.9,68.3 2 0
github.com/opencode-go/opencode-go/internal/server/shell_handlers.go:69.2,73.25 3 0
github.com/opencode-go/opencode-go/internal/server/shell_handlers.go:73.25,75.3 1 0
github.com/opencode-go/opencode-go/internal/server/shell_handlers.go:77.2,78.16 2 0
github.com/opencode-go/opencode-go/internal/server/shell_handlers.go:78.16,84.3 5 0
github.com/opencode-go/opencode-go/internal/server/shell_handlers.go:87.2,88.101 2 0
github.com/opencode-go/opencode-go/internal/server/shell_handlers.go:88.101,90.3 1 0
github.com/opencode-go/opencode-go/internal/server/shell_handlers.go:93.2,101.11 4 0
github.com/opencode-go/opencode-go/internal/server/shell_handlers.go:101.11,103.3 1 0
github.com/opencode-go/opencode-go/internal/server/shell_handlers.go:104.2,104.100 1 0
github.com/opencode-go/opencode-go/internal/server/shell_handlers.go:104.100,106.3 1 0
github.com/opencode-go/opencode-go/internal/server/shell_handlers.go:109.2,109.69 1 0
github.com/opencode-go/opencode-go/internal/server/shell_handlers.go:109.69,112.3 2 0
github.com/opencode-go/opencode-go/internal/server/shell_handlers.go:113.2,118.9 4 0
github.com/opencode-go/opencode-go/internal/server/shell_handlers.go:118.9,121.3 2 0
github.com/opencode-go/opencode-go/internal/server/shell_handlers.go:122.2,122.36 1 0
github.com/opencode-go/opencode-go/internal/server/skills.go:24.44,27.48 3 1
github.com/opencode-go/opencode-go/internal/server/skills.go:27.48,29.3 1 1
github.com/opencode-go/opencode-go/internal/server/skills.go:30.2,32.14 3 1
github.com/opencode-go/opencode-go/internal/server/skills.go:35.45,38.16 3 1
github.com/opencode-go/opencode-go/internal/server/skills.go:38.16,40.3 1 1
github.com/opencode-go/opencode-go/internal/server/skills.go:41.2,43.28 3 1
github.com/opencode-go/opencode-go/internal/server/skills.go:43.28,44.17 1 1
github.com/opencode-go/opencode-go/internal/server/skills.go:44.17,45.12 1 0
github.com/opencode-go/opencode-go/internal/server/skills.go:47.3,48.17 2 1
github.com/opencode-go/opencode-go/internal/server/skills.go:48.17,50.4 1 0
github.com/opencode-go/opencode-go/internal/server/skills.go:51.3,51.17 1 1
github.com/opencode-go/opencode-go/internal/server/skills.go:51.17,52.12 1 0
github.com/opencode-go/opencode-go/internal/server/skills.go:54.3,54.57 1 1
github.com/opencode-go/opencode-go/internal/server/skills.go:56.2,56.22 1 1
github.com/opencode-go/opencode-go/internal/server/skills.go:56.22,58.3 1 0
github.com/opencode-go/opencode-go/internal/server/skills.go:59.2,59.41 1 1
github.com/opencode-go/opencode-go/internal/server/skills.go:59.41,59.83 1 0
github.com/opencode-go/opencode-go/internal/server/skills.go:60.2,65.27 6 1
github.com/opencode-go/opencode-go/internal/server/skills.go:65.27,71.3 5 1
github.com/opencode-go/opencode-go/internal/server/skills.go:72.2,73.19 2 1
github.com/opencode-go/opencode-go/internal/server/skills.go:78.60,80.16 2 1
github.com/opencode-go/opencode-go/internal/server/skills.go:80.16,82.3 1 0
github.com/opencode-go/opencode-go/internal/server/skills.go:83.2,88.16 6 1
github.com/opencode-go/opencode-go/internal/server/skills.go:88.16,92.38 4 1
github.com/opencode-go/opencode-go/internal/server/skills.go:92.38,94.12 2 1
github.com/opencode-go/opencode-go/internal/server/skills.go:96.3,96.34 1 1
github.com/opencode-go/opencode-go/internal/server/skills.go:96.34,97.9 1 1
github.com/opencode-go/opencode-go/internal/server/skills.go:99.3,99.15 1 1
github.com/opencode-go/opencode-go/internal/server/skills.go:99.15,100.18 1 0
github.com/opencode-go/opencode-go/internal/server/skills.go:100.18,101.10 1 0
github.com/opencode-go/opencode-go/internal/server/skills.go:103.4,103.12 1 0
github.com/opencode-go/opencode-go/internal/server/skills.go:105.3,105.39 1 1
github.com/opencode-go/opencode-go/internal/server/skills.go:105.39,107.4 1 1
github.com/opencode-go/opencode-go/internal/server/skills.go:107.9,107.53 1 1
github.com/opencode-go/opencode-go/internal/server/skills.go:107.53,109.4 1 1
github.com/opencode-go/opencode-go/internal/server/skills.go:111.2,111.38 1 1
github.com/opencode-go/opencode-go/internal/server/skills.go:114.41,117.18 3 1
github.com/opencode-go/opencode-go/internal/server/skills.go:117.18,119.3 1 0
github.com/opencode-go/opencode-go/internal/server/skills.go:120.2,120.10 1 1
github.com/opencode-go/opencode-go/internal/server/sse.go:13.76,15.2 1 1
github.com/opencode-go/opencode-go/internal/server/sse.go:18.74,20.2 1 0
github.com/opencode-go/opencode-go/internal/server/sse.go:24.104,26.9 2 1
github.com/opencode-go/opencode-go/internal/server/sse.go:26.9,29.3 2 0
github.com/opencode-go/opencode-go/internal/server/sse.go:31.2,42.70 8 1
github.com/opencode-go/opencode-go/internal/server/sse.go:42.70,44.3 1 0
github.com/opencode-go/opencode-go/internal/server/sse.go:45.2,51.6 5 1
github.com/opencode-go/opencode-go/internal/server/sse.go:51.6,52.10 1 1
github.com/opencode-go/opencode-go/internal/server/sse.go:53.21,54.10 1 1
github.com/opencode-go/opencode-go/internal/server/sse.go:55.33,56.11 1 1
github.com/opencode-go/opencode-go/internal/server/sse.go:56.11,58.5 1 0
github.com/opencode-go/opencode-go/internal/server/sse.go:59.4,59.48 1 1
github.com/opencode-go/opencode-go/internal/server/sse.go:59.48,61.5 1 0
github.com/opencode-go/opencode-go/internal/server/sse.go:62.19,63.59 1 0
github.com/opencode-go/opencode-go/internal/server/sse.go:63.59,65.5 1 0
github.com/opencode-go/opencode-go/internal/server/sse.go:71.132,73.16 2 1
github.com/opencode-go/opencode-go/internal/server/sse.go:73.16,76.3 2 0
github.com/opencode-go/opencode-go/internal/server/sse.go:77.2,77.62 1 1
github.com/opencode-go/opencode-go/internal/server/sse.go:77.62,79.3 1 0
github.com/opencode-go/opencode-go/internal/server/sse.go:80.2,80.13 1 1
github.com/opencode-go/opencode-go/internal/server/tool_schemas.go:162.53,163.43 1 1
github.com/opencode-go/opencode-go/internal/server/tool_schemas.go:163.43,165.3 1 1
github.com/opencode-go/opencode-go/internal/server/tool_schemas.go:166.2,170.3 1 0
github.com/opencode-go/opencode-go/internal/server/tui_handlers.go:18.79,24.2 4 1
github.com/opencode-go/opencode-go/internal/server/tui_handlers.go:28.68,29.19 1 1
github.com/opencode-go/opencode-go/internal/server/tui_handlers.go:29.19,31.3 1 1
github.com/opencode-go/opencode-go/internal/server/tui_handlers.go:32.2,33.47 2 1
github.com/opencode-go/opencode-go/internal/server/vcs_handlers.go:26.97,32.18 5 1
github.com/opencode-go/opencode-go/internal/server/vcs_handlers.go:32.18,34.3 1 1
github.com/opencode-go/opencode-go/internal/server/vcs_handlers.go:36.2,41.46 5 1
github.com/opencode-go/opencode-go/internal/server/vcs_handlers.go:68.68,73.86 3 1
github.com/opencode-go/opencode-go/internal/server/vcs_handlers.go:73.86,74.43 1 0
github.com/opencode-go/opencode-go/internal/server/vcs_handlers.go:74.43,76.4 1 0
github.com/opencode-go/opencode-go/internal/server/vcs_handlers.go:79.2,79.48 1 1
github.com/opencode-go/opencode-go/internal/server/vcs_handlers.go:79.48,81.3 1 0
github.com/opencode-go/opencode-go/internal/server/vcs_handlers.go:83.2,83.35 1 1
github.com/opencode-go/opencode-go/internal/server/vcs_handlers.go:88.45,89.104 1 1
github.com/opencode-go/opencode-go/internal/server/vcs_handlers.go:89.104,92.16 3 0
github.com/opencode-go/opencode-go/internal/server/vcs_handlers.go:92.16,94.4 1 0
github.com/opencode-go/opencode-go/internal/server/vcs_handlers.go:97.2,97.50 1 1
github.com/opencode-go/opencode-go/internal/server/vcs_handlers.go:97.50,98.93 1 1
github.com/opencode-go/opencode-go/internal/server/vcs_handlers.go:98.93,100.4 1 0
github.com/opencode-go/opencode-go/internal/server/vcs_handlers.go:103.2,103.11 1 1
github.com/opencode-go/opencode-go/internal/server/vcs_handlers.go:108.74,114.16 4 0
github.com/opencode-go/opencode-go/internal/server/vcs_handlers.go:114.16,117.17 3 0
github.com/opencode-go/opencode-go/internal/server/vcs_handlers.go:117.17,119.21 2 0
github.com/opencode-go/opencode-go/internal/server/vcs_handlers.go:119.21,120.13 1 0
github.com/opencode-go/opencode-go/internal/server/vcs_handlers.go:122.4,124.71 3 0
github.com/opencode-go/opencode-go/internal/server/vcs_handlers.go:128.2,128.38 1 0
github.com/opencode-go/opencode-go/internal/server/vcs_handlers.go:133.33,135.16 2 0
github.com/opencode-go/opencode-go/internal/server/vcs_handlers.go:135.16,137.3 1 0
github.com/opencode-go/opencode-go/internal/server/vcs_handlers.go:139.2,140.30 2 0
github.com/opencode-go/opencode-go/internal/server/vcs_handlers.go:140.30,142.3 1 0
github.com/opencode-go/opencode-go/internal/server/vcs_handlers.go:143.2,143.15 1 0
github.com/opencode-go/opencode-go/internal/server/vcs_handlers.go:147.72,149.2 1 0
github.com/opencode-go/opencode-go/internal/server/vcs_handlers.go:152.75,156.2 3 0
github.com/opencode-go/opencode-go/internal/server/vcs_handlers.go:161.73,165.61 3 1
github.com/opencode-go/opencode-go/internal/server/vcs_handlers.go:165.61,168.3 2 1
github.com/opencode-go/opencode-go/internal/server/vcs_handlers.go:170.2,171.16 2 1
github.com/opencode-go/opencode-go/internal/server/vcs_handlers.go:171.16,173.16 2 1
github.com/opencode-go/opencode-go/internal/server/vcs_handlers.go:173.16,175.4 1 0
github.com/opencode-go/opencode-go/internal/server/vcs_handlers.go:176.3,177.9 2 1
github.com/opencode-go/opencode-go/internal/server/vcs_handlers.go:180.2,180.62 1 0
